mode: atomic
github.com/go-park-mail-ru/2025_1_Return_Zero/cmd/main.go:56.13,58.16 2 0
github.com/go-park-mail-ru/2025_1_Return_Zero/cmd/main.go:58.16,61.3 2 0
github.com/go-park-mail-ru/2025_1_Return_Zero/cmd/main.go:63.2,64.16 2 0
github.com/go-park-mail-ru/2025_1_Return_Zero/cmd/main.go:64.16,67.3 2 0
github.com/go-park-mail-ru/2025_1_Return_Zero/cmd/main.go:69.2,70.15 2 0
github.com/go-park-mail-ru/2025_1_Return_Zero/cmd/main.go:70.15,71.43 1 0
github.com/go-park-mail-ru/2025_1_Return_Zero/cmd/main.go:71.43,73.4 1 0
github.com/go-park-mail-ru/2025_1_Return_Zero/cmd/main.go:76.2,77.16 2 0
github.com/go-park-mail-ru/2025_1_Return_Zero/cmd/main.go:77.16,80.3 2 0
github.com/go-park-mail-ru/2025_1_Return_Zero/cmd/main.go:81.2,81.15 1 0
github.com/go-park-mail-ru/2025_1_Return_Zero/cmd/main.go:81.15,82.46 1 0
github.com/go-park-mail-ru/2025_1_Return_Zero/cmd/main.go:82.46,84.4 1 0
github.com/go-park-mail-ru/2025_1_Return_Zero/cmd/main.go:87.2,97.16 5 0
github.com/go-park-mail-ru/2025_1_Return_Zero/cmd/main.go:97.16,100.3 2 0
github.com/go-park-mail-ru/2025_1_Return_Zero/cmd/main.go:102.2,104.12 3 0
github.com/go-park-mail-ru/2025_1_Return_Zero/cmd/main.go:104.12,108.59 4 0
github.com/go-park-mail-ru/2025_1_Return_Zero/cmd/main.go:108.59,110.4 1 0
github.com/go-park-mail-ru/2025_1_Return_Zero/cmd/main.go:113.2,211.16 79 0
github.com/go-park-mail-ru/2025_1_Return_Zero/cmd/main.go:211.16,213.3 1 0
github.com/go-park-mail-ru/2025_1_Return_Zero/cmd/main.go:215.2,223.16 7 0
github.com/go-park-mail-ru/2025_1_Return_Zero/cmd/main.go:223.16,226.3 2 0
github.com/go-park-mail-ru/2025_1_Return_Zero/cmd/main.go:227.2,227.40 1 0
github.com/go-park-mail-ru/2025_1_Return_Zero/config/config.go:119.36,124.45 4 0
github.com/go-park-mail-ru/2025_1_Return_Zero/config/config.go:124.45,126.3 1 0
github.com/go-park-mail-ru/2025_1_Return_Zero/config/config.go:128.2,129.49 2 0
github.com/go-park-mail-ru/2025_1_Return_Zero/config/config.go:129.49,131.3 1 0
github.com/go-park-mail-ru/2025_1_Return_Zero/config/config.go:133.2,155.21 20 0
github.com/go-park-mail-ru/2025_1_Return_Zero/init/microservices/init.go:25.177,31.2 3 0
github.com/go-park-mail-ru/2025_1_Return_Zero/init/microservices/init.go:33.82,35.16 2 0
github.com/go-park-mail-ru/2025_1_Return_Zero/init/microservices/init.go:35.16,37.3 1 0
github.com/go-park-mail-ru/2025_1_Return_Zero/init/microservices/init.go:39.2,40.16 2 0
github.com/go-park-mail-ru/2025_1_Return_Zero/init/microservices/init.go:40.16,42.3 1 0
github.com/go-park-mail-ru/2025_1_Return_Zero/init/microservices/init.go:44.2,45.16 2 0
github.com/go-park-mail-ru/2025_1_Return_Zero/init/microservices/init.go:45.16,47.3 1 0
github.com/go-park-mail-ru/2025_1_Return_Zero/init/microservices/init.go:49.2,50.16 2 0
github.com/go-park-mail-ru/2025_1_Return_Zero/init/microservices/init.go:50.16,52.3 1 0
github.com/go-park-mail-ru/2025_1_Return_Zero/init/microservices/init.go:54.2,55.16 2 0
github.com/go-park-mail-ru/2025_1_Return_Zero/init/microservices/init.go:55.16,57.3 1 0
github.com/go-park-mail-ru/2025_1_Return_Zero/init/microservices/init.go:59.2,60.16 2 0
github.com/go-park-mail-ru/2025_1_Return_Zero/init/microservices/init.go:60.16,62.3 1 0
github.com/go-park-mail-ru/2025_1_Return_Zero/init/microservices/init.go:64.2,71.8 1 0
github.com/go-park-mail-ru/2025_1_Return_Zero/init/postgres/postgres.go:11.66,15.16 3 0
github.com/go-park-mail-ru/2025_1_Return_Zero/init/postgres/postgres.go:15.16,17.3 1 0
github.com/go-park-mail-ru/2025_1_Return_Zero/init/postgres/postgres.go:19.2,20.16 2 0
github.com/go-park-mail-ru/2025_1_Return_Zero/init/postgres/postgres.go:20.16,22.3 1 0
github.com/go-park-mail-ru/2025_1_Return_Zero/init/postgres/postgres.go:24.2,26.16 2 0
github.com/go-park-mail-ru/2025_1_Return_Zero/init/redis/redis.go:11.55,15.36 2 0
github.com/go-park-mail-ru/2025_1_Return_Zero/init/redis/redis.go:15.36,17.18 2 0
github.com/go-park-mail-ru/2025_1_Return_Zero/init/redis/redis.go:17.18,19.5 1 0
github.com/go-park-mail-ru/2025_1_Return_Zero/init/redis/redis.go:20.4,20.17 1 0
github.com/go-park-mail-ru/2025_1_Return_Zero/init/redis/redis.go:22.55,23.35 1 0
github.com/go-park-mail-ru/2025_1_Return_Zero/init/redis/redis.go:23.35,25.5 1 0
github.com/go-park-mail-ru/2025_1_Return_Zero/init/redis/redis.go:26.4,27.14 2 0
github.com/go-park-mail-ru/2025_1_Return_Zero/init/s3/s3.go:13.50,22.16 3 0
github.com/go-park-mail-ru/2025_1_Return_Zero/init/s3/s3.go:22.16,24.3 1 0
github.com/go-park-mail-ru/2025_1_Return_Zero/init/s3/s3.go:26.2,28.32 2 0
github.com/go-park-mail-ru/2025_1_Return_Zero/internal/middleware/accesslog.go:18.56,21.2 2 0
github.com/go-park-mail-ru/2025_1_Return_Zero/internal/middleware/accesslog.go:24.78,25.58 1 0
github.com/go-park-mail-ru/2025_1_Return_Zero/internal/middleware/accesslog.go:25.58,27.3 1 0
github.com/go-park-mail-ru/2025_1_Return_Zero/internal/middleware/accesslog.go:28.2,28.39 1 0
github.com/go-park-mail-ru/2025_1_Return_Zero/internal/middleware/accesslog.go:31.48,32.71 1 0
github.com/go-park-mail-ru/2025_1_Return_Zero/internal/middleware/accesslog.go:32.71,34.16 2 0
github.com/go-park-mail-ru/2025_1_Return_Zero/internal/middleware/accesslog.go:34.16,35.40 1 0
github.com/go-park-mail-ru/2025_1_Return_Zero/internal/middleware/accesslog.go:35.40,37.5 1 0
github.com/go-park-mail-ru/2025_1_Return_Zero/internal/middleware/accesslog.go:40.3,40.83 1 0
github.com/go-park-mail-ru/2025_1_Return_Zero/internal/middleware/accesslog.go:40.83,43.4 2 0
github.com/go-park-mail-ru/2025_1_Return_Zero/internal/middleware/accesslog.go:45.3,58.4 4 0
github.com/go-park-mail-ru/2025_1_Return_Zero/internal/middleware/auth.go:13.125,14.46 1 0
github.com/go-park-mail-ru/2025_1_Return_Zero/internal/middleware/auth.go:14.46,15.72 1 0
github.com/go-park-mail-ru/2025_1_Return_Zero/internal/middleware/auth.go:15.72,17.18 2 0
github.com/go-park-mail-ru/2025_1_Return_Zero/internal/middleware/auth.go:17.18,20.5 2 0
github.com/go-park-mail-ru/2025_1_Return_Zero/internal/middleware/auth.go:22.4,24.18 3 0
github.com/go-park-mail-ru/2025_1_Return_Zero/internal/middleware/auth.go:24.18,27.5 2 0
github.com/go-park-mail-ru/2025_1_Return_Zero/internal/middleware/auth.go:29.4,31.19 3 0
github.com/go-park-mail-ru/2025_1_Return_Zero/internal/middleware/auth.go:31.19,33.5 1 0
github.com/go-park-mail-ru/2025_1_Return_Zero/internal/middleware/auth.go:34.4,35.18 2 0
github.com/go-park-mail-ru/2025_1_Return_Zero/internal/middleware/auth.go:35.18,38.5 2 0
github.com/go-park-mail-ru/2025_1_Return_Zero/internal/middleware/auth.go:39.4,42.41 3 0
github.com/go-park-mail-ru/2025_1_Return_Zero/internal/middleware/cors.go:11.70,12.46 1 0
github.com/go-park-mail-ru/2025_1_Return_Zero/internal/middleware/cors.go:12.46,13.72 1 0
github.com/go-park-mail-ru/2025_1_Return_Zero/internal/middleware/cors.go:13.72,15.20 2 0
github.com/go-park-mail-ru/2025_1_Return_Zero/internal/middleware/cors.go:15.20,18.5 2 0
github.com/go-park-mail-ru/2025_1_Return_Zero/internal/middleware/cors.go:20.4,22.41 2 0
github.com/go-park-mail-ru/2025_1_Return_Zero/internal/middleware/cors.go:22.41,23.17 1 0
github.com/go-park-mail-ru/2025_1_Return_Zero/internal/middleware/cors.go:23.17,24.30 1 0
github.com/go-park-mail-ru/2025_1_Return_Zero/internal/middleware/cors.go:24.30,26.7 1 0
github.com/go-park-mail-ru/2025_1_Return_Zero/internal/middleware/cors.go:26.12,28.7 1 0
github.com/go-park-mail-ru/2025_1_Return_Zero/internal/middleware/cors.go:29.6,29.11 1 0
github.com/go-park-mail-ru/2025_1_Return_Zero/internal/middleware/cors.go:31.5,31.20 1 0
github.com/go-park-mail-ru/2025_1_Return_Zero/internal/middleware/cors.go:31.20,33.11 2 0
github.com/go-park-mail-ru/2025_1_Return_Zero/internal/middleware/cors.go:37.4,37.27 1 0
github.com/go-park-mail-ru/2025_1_Return_Zero/internal/middleware/cors.go:37.27,40.5 2 0
github.com/go-park-mail-ru/2025_1_Return_Zero/internal/middleware/cors.go:42.4,42.93 1 0
github.com/go-park-mail-ru/2025_1_Return_Zero/internal/middleware/cors.go:42.93,49.29 5 0
github.com/go-park-mail-ru/2025_1_Return_Zero/internal/middleware/cors.go:49.29,51.6 1 0
github.com/go-park-mail-ru/2025_1_Return_Zero/internal/middleware/cors.go:53.5,56.11 3 0
github.com/go-park-mail-ru/2025_1_Return_Zero/internal/middleware/cors.go:59.4,60.28 2 0
github.com/go-park-mail-ru/2025_1_Return_Zero/internal/middleware/cors.go:60.28,62.5 1 0
github.com/go-park-mail-ru/2025_1_Return_Zero/internal/middleware/cors.go:64.4,65.24 2 0
github.com/go-park-mail-ru/2025_1_Return_Zero/internal/middleware/csrf.go:13.57,16.16 3 0
github.com/go-park-mail-ru/2025_1_Return_Zero/internal/middleware/csrf.go:16.16,18.3 1 0
github.com/go-park-mail-ru/2025_1_Return_Zero/internal/middleware/csrf.go:19.2,19.53 1 0
github.com/go-park-mail-ru/2025_1_Return_Zero/internal/middleware/csrf.go:22.76,23.46 1 0
github.com/go-park-mail-ru/2025_1_Return_Zero/internal/middleware/csrf.go:23.46,24.72 1 0
github.com/go-park-mail-ru/2025_1_Return_Zero/internal/middleware/csrf.go:24.72,25.99 1 0
github.com/go-park-mail-ru/2025_1_Return_Zero/internal/middleware/csrf.go:25.99,28.41 3 0
github.com/go-park-mail-ru/2025_1_Return_Zero/internal/middleware/csrf.go:28.41,30.20 2 0
github.com/go-park-mail-ru/2025_1_Return_Zero/internal/middleware/csrf.go:30.20,33.7 2 0
github.com/go-park-mail-ru/2025_1_Return_Zero/internal/middleware/csrf.go:34.6,42.31 3 0
github.com/go-park-mail-ru/2025_1_Return_Zero/internal/middleware/csrf.go:43.11,45.6 1 0
github.com/go-park-mail-ru/2025_1_Return_Zero/internal/middleware/csrf.go:47.5,49.11 3 0
github.com/go-park-mail-ru/2025_1_Return_Zero/internal/middleware/csrf.go:52.4,53.18 2 0
github.com/go-park-mail-ru/2025_1_Return_Zero/internal/middleware/csrf.go:53.18,54.41 1 0
github.com/go-park-mail-ru/2025_1_Return_Zero/internal/middleware/csrf.go:54.41,57.6 2 0
github.com/go-park-mail-ru/2025_1_Return_Zero/internal/middleware/csrf.go:58.5,59.11 2 0
github.com/go-park-mail-ru/2025_1_Return_Zero/internal/middleware/csrf.go:61.4,61.26 1 0
github.com/go-park-mail-ru/2025_1_Return_Zero/internal/middleware/csrf.go:61.26,64.5 2 0
github.com/go-park-mail-ru/2025_1_Return_Zero/internal/middleware/csrf.go:66.4,67.44 2 0
github.com/go-park-mail-ru/2025_1_Return_Zero/internal/middleware/csrf.go:67.44,70.5 2 0
github.com/go-park-mail-ru/2025_1_Return_Zero/internal/middleware/csrf.go:71.4,71.24 1 0
github.com/go-park-mail-ru/2025_1_Return_Zero/internal/middleware/logger.go:10.72,11.71 1 0
github.com/go-park-mail-ru/2025_1_Return_Zero/internal/middleware/logger.go:11.71,16.3 3 0
github.com/go-park-mail-ru/2025_1_Return_Zero/internal/middleware/logger.go:19.82,20.46 1 0
github.com/go-park-mail-ru/2025_1_Return_Zero/internal/middleware/logger.go:20.46,22.3 1 0
github.com/go-park-mail-ru/2025_1_Return_Zero/internal/middleware/metrics.go:131.38,132.39 1 0
github.com/go-park-mail-ru/2025_1_Return_Zero/internal/middleware/metrics.go:132.39,133.32 1 0
github.com/go-park-mail-ru/2025_1_Return_Zero/internal/middleware/metrics.go:133.32,135.4 1 0
github.com/go-park-mail-ru/2025_1_Return_Zero/internal/middleware/metrics.go:138.2,138.13 1 0
github.com/go-park-mail-ru/2025_1_Return_Zero/internal/middleware/metrics.go:141.76,142.46 1 0
github.com/go-park-mail-ru/2025_1_Return_Zero/internal/middleware/metrics.go:142.46,143.72 1 0
github.com/go-park-mail-ru/2025_1_Return_Zero/internal/middleware/metrics.go:143.72,161.4 10 0
github.com/go-park-mail-ru/2025_1_Return_Zero/internal/middleware/requestId.go:15.48,16.71 1 0
github.com/go-park-mail-ru/2025_1_Return_Zero/internal/middleware/requestId.go:16.71,18.22 2 0
github.com/go-park-mail-ru/2025_1_Return_Zero/internal/middleware/requestId.go:18.22,20.4 1 0
github.com/go-park-mail-ru/2025_1_Return_Zero/internal/middleware/requestId.go:21.3,25.23 5 0
github.com/go-park-mail-ru/2025_1_Return_Zero/internal/pkg/album/delivery/http/handler.go:27.79,29.2 1 6
github.com/go-park-mail-ru/2025_1_Return_Zero/internal/pkg/album/delivery/http/handler.go:43.77,47.16 4 3
github.com/go-park-mail-ru/2025_1_Return_Zero/internal/pkg/album/delivery/http/handler.go:47.16,51.3 3 1
github.com/go-park-mail-ru/2025_1_Return_Zero/internal/pkg/album/delivery/http/handler.go:53.2,57.16 2 2
github.com/go-park-mail-ru/2025_1_Return_Zero/internal/pkg/album/delivery/http/handler.go:57.16,61.3 3 1
github.com/go-park-mail-ru/2025_1_Return_Zero/internal/pkg/album/delivery/http/handler.go:63.2,65.58 2 1
github.com/go-park-mail-ru/2025_1_Return_Zero/internal/pkg/album/delivery/http/handler.go:81.84,85.16 4 4
github.com/go-park-mail-ru/2025_1_Return_Zero/internal/pkg/album/delivery/http/handler.go:85.16,89.3 3 1
github.com/go-park-mail-ru/2025_1_Return_Zero/internal/pkg/album/delivery/http/handler.go:91.2,94.16 4 3
github.com/go-park-mail-ru/2025_1_Return_Zero/internal/pkg/album/delivery/http/handler.go:94.16,98.3 3 1
github.com/go-park-mail-ru/2025_1_Return_Zero/internal/pkg/album/delivery/http/handler.go:100.2,103.16 2 2
github.com/go-park-mail-ru/2025_1_Return_Zero/internal/pkg/album/delivery/http/handler.go:103.16,107.3 3 1
github.com/go-park-mail-ru/2025_1_Return_Zero/internal/pkg/album/delivery/http/handler.go:109.2,110.58 2 1
github.com/go-park-mail-ru/2025_1_Return_Zero/internal/pkg/album/delivery/http/handler.go:124.77,131.16 6 3
github.com/go-park-mail-ru/2025_1_Return_Zero/internal/pkg/album/delivery/http/handler.go:131.16,135.3 3 1
github.com/go-park-mail-ru/2025_1_Return_Zero/internal/pkg/album/delivery/http/handler.go:137.2,138.16 2 2
github.com/go-park-mail-ru/2025_1_Return_Zero/internal/pkg/album/delivery/http/handler.go:138.16,142.3 3 1
github.com/go-park-mail-ru/2025_1_Return_Zero/internal/pkg/album/delivery/http/handler.go:144.2,145.57 2 1
github.com/go-park-mail-ru/2025_1_Return_Zero/internal/pkg/album/delivery/http/handler.go:162.74,167.13 4 6
github.com/go-park-mail-ru/2025_1_Return_Zero/internal/pkg/album/delivery/http/handler.go:167.13,172.3 4 1
github.com/go-park-mail-ru/2025_1_Return_Zero/internal/pkg/album/delivery/http/handler.go:174.2,177.16 4 5
github.com/go-park-mail-ru/2025_1_Return_Zero/internal/pkg/album/delivery/http/handler.go:177.16,181.3 3 1
github.com/go-park-mail-ru/2025_1_Return_Zero/internal/pkg/album/delivery/http/handler.go:183.2,186.16 3 4
github.com/go-park-mail-ru/2025_1_Return_Zero/internal/pkg/album/delivery/http/handler.go:186.16,190.3 3 1
github.com/go-park-mail-ru/2025_1_Return_Zero/internal/pkg/album/delivery/http/handler.go:192.2,195.16 3 3
github.com/go-park-mail-ru/2025_1_Return_Zero/internal/pkg/album/delivery/http/handler.go:195.16,199.3 3 1
github.com/go-park-mail-ru/2025_1_Return_Zero/internal/pkg/album/delivery/http/handler.go:201.2,203.9 1 2
github.com/go-park-mail-ru/2025_1_Return_Zero/internal/pkg/album/delivery/http/handler.go:218.82,223.13 4 4
github.com/go-park-mail-ru/2025_1_Return_Zero/internal/pkg/album/delivery/http/handler.go:223.13,228.3 4 1
github.com/go-park-mail-ru/2025_1_Return_Zero/internal/pkg/album/delivery/http/handler.go:230.2,231.16 2 3
github.com/go-park-mail-ru/2025_1_Return_Zero/internal/pkg/album/delivery/http/handler.go:231.16,235.3 3 1
github.com/go-park-mail-ru/2025_1_Return_Zero/internal/pkg/album/delivery/http/handler.go:237.2,240.16 2 2
github.com/go-park-mail-ru/2025_1_Return_Zero/internal/pkg/album/delivery/http/handler.go:240.16,244.3 3 1
github.com/go-park-mail-ru/2025_1_Return_Zero/internal/pkg/album/delivery/http/handler.go:246.2,247.58 2 1
github.com/go-park-mail-ru/2025_1_Return_Zero/internal/pkg/album/delivery/http/handler.go:261.77,266.17 4 3
github.com/go-park-mail-ru/2025_1_Return_Zero/internal/pkg/album/delivery/http/handler.go:266.17,270.3 3 1
github.com/go-park-mail-ru/2025_1_Return_Zero/internal/pkg/album/delivery/http/handler.go:272.2,273.16 2 2
github.com/go-park-mail-ru/2025_1_Return_Zero/internal/pkg/album/delivery/http/handler.go:273.16,277.3 3 1
github.com/go-park-mail-ru/2025_1_Return_Zero/internal/pkg/album/delivery/http/handler.go:279.2,280.58 2 1
github.com/go-park-mail-ru/2025_1_Return_Zero/internal/pkg/album/usecase/usecase.go:16.120,18.2 1 8
github.com/go-park-mail-ru/2025_1_Return_Zero/internal/pkg/album/usecase/usecase.go:25.125,27.13 2 2
github.com/go-park-mail-ru/2025_1_Return_Zero/internal/pkg/album/usecase/usecase.go:27.13,29.3 1 2
github.com/go-park-mail-ru/2025_1_Return_Zero/internal/pkg/album/usecase/usecase.go:31.2,39.16 3 2
github.com/go-park-mail-ru/2025_1_Return_Zero/internal/pkg/album/usecase/usecase.go:39.16,41.3 1 1
github.com/go-park-mail-ru/2025_1_Return_Zero/internal/pkg/album/usecase/usecase.go:43.2,44.48 2 1
github.com/go-park-mail-ru/2025_1_Return_Zero/internal/pkg/album/usecase/usecase.go:44.48,46.3 1 2
github.com/go-park-mail-ru/2025_1_Return_Zero/internal/pkg/album/usecase/usecase.go:48.2,49.16 2 1
github.com/go-park-mail-ru/2025_1_Return_Zero/internal/pkg/album/usecase/usecase.go:49.16,51.3 1 0
github.com/go-park-mail-ru/2025_1_Return_Zero/internal/pkg/album/usecase/usecase.go:53.2,56.48 3 1
github.com/go-park-mail-ru/2025_1_Return_Zero/internal/pkg/album/usecase/usecase.go:56.48,60.3 3 2
github.com/go-park-mail-ru/2025_1_Return_Zero/internal/pkg/album/usecase/usecase.go:61.2,61.20 1 1
github.com/go-park-mail-ru/2025_1_Return_Zero/internal/pkg/album/usecase/usecase.go:64.148,66.13 2 1
github.com/go-park-mail-ru/2025_1_Return_Zero/internal/pkg/album/usecase/usecase.go:66.13,68.3 1 1
github.com/go-park-mail-ru/2025_1_Return_Zero/internal/pkg/album/usecase/usecase.go:70.2,71.16 2 1
github.com/go-park-mail-ru/2025_1_Return_Zero/internal/pkg/album/usecase/usecase.go:71.16,73.3 1 0
github.com/go-park-mail-ru/2025_1_Return_Zero/internal/pkg/album/usecase/usecase.go:75.2,76.49 2 1
github.com/go-park-mail-ru/2025_1_Return_Zero/internal/pkg/album/usecase/usecase.go:76.49,79.3 2 2
github.com/go-park-mail-ru/2025_1_Return_Zero/internal/pkg/album/usecase/usecase.go:81.2,86.16 2 1
github.com/go-park-mail-ru/2025_1_Return_Zero/internal/pkg/album/usecase/usecase.go:86.16,88.3 1 0
github.com/go-park-mail-ru/2025_1_Return_Zero/internal/pkg/album/usecase/usecase.go:90.2,91.49 2 1
github.com/go-park-mail-ru/2025_1_Return_Zero/internal/pkg/album/usecase/usecase.go:91.49,93.3 1 2
github.com/go-park-mail-ru/2025_1_Return_Zero/internal/pkg/album/usecase/usecase.go:95.2,96.16 2 1
github.com/go-park-mail-ru/2025_1_Return_Zero/internal/pkg/album/usecase/usecase.go:96.16,98.3 1 0
github.com/go-park-mail-ru/2025_1_Return_Zero/internal/pkg/album/usecase/usecase.go:100.2,103.48 3 1
github.com/go-park-mail-ru/2025_1_Return_Zero/internal/pkg/album/usecase/usecase.go:103.48,107.3 3 2
github.com/go-park-mail-ru/2025_1_Return_Zero/internal/pkg/album/usecase/usecase.go:108.2,108.20 1 1
github.com/go-park-mail-ru/2025_1_Return_Zero/internal/pkg/album/usecase/usecase.go:111.97,113.13 2 1
github.com/go-park-mail-ru/2025_1_Return_Zero/internal/pkg/album/usecase/usecase.go:113.13,115.3 1 1
github.com/go-park-mail-ru/2025_1_Return_Zero/internal/pkg/album/usecase/usecase.go:117.2,121.16 2 1
github.com/go-park-mail-ru/2025_1_Return_Zero/internal/pkg/album/usecase/usecase.go:121.16,123.3 1 0
github.com/go-park-mail-ru/2025_1_Return_Zero/internal/pkg/album/usecase/usecase.go:125.2,126.16 2 1
github.com/go-park-mail-ru/2025_1_Return_Zero/internal/pkg/album/usecase/usecase.go:126.16,128.3 1 0
github.com/go-park-mail-ru/2025_1_Return_Zero/internal/pkg/album/usecase/usecase.go:130.2,134.26 4 1
github.com/go-park-mail-ru/2025_1_Return_Zero/internal/pkg/album/usecase/usecase.go:137.101,140.16 3 2
github.com/go-park-mail-ru/2025_1_Return_Zero/internal/pkg/album/usecase/usecase.go:140.16,142.3 1 1
github.com/go-park-mail-ru/2025_1_Return_Zero/internal/pkg/album/usecase/usecase.go:143.2,143.12 1 1
github.com/go-park-mail-ru/2025_1_Return_Zero/internal/pkg/album/usecase/usecase.go:146.144,155.16 3 1
github.com/go-park-mail-ru/2025_1_Return_Zero/internal/pkg/album/usecase/usecase.go:155.16,157.3 1 0
github.com/go-park-mail-ru/2025_1_Return_Zero/internal/pkg/album/usecase/usecase.go:159.2,160.48 2 1
github.com/go-park-mail-ru/2025_1_Return_Zero/internal/pkg/album/usecase/usecase.go:160.48,162.3 1 2
github.com/go-park-mail-ru/2025_1_Return_Zero/internal/pkg/album/usecase/usecase.go:164.2,165.16 2 1
github.com/go-park-mail-ru/2025_1_Return_Zero/internal/pkg/album/usecase/usecase.go:165.16,167.3 1 0
github.com/go-park-mail-ru/2025_1_Return_Zero/internal/pkg/album/usecase/usecase.go:169.2,172.48 3 1
github.com/go-park-mail-ru/2025_1_Return_Zero/internal/pkg/album/usecase/usecase.go:172.48,176.3 3 2
github.com/go-park-mail-ru/2025_1_Return_Zero/internal/pkg/album/usecase/usecase.go:177.2,177.20 1 1
github.com/go-park-mail-ru/2025_1_Return_Zero/internal/pkg/album/usecase/usecase.go:180.103,182.13 2 1
github.com/go-park-mail-ru/2025_1_Return_Zero/internal/pkg/album/usecase/usecase.go:182.13,184.3 1 1
github.com/go-park-mail-ru/2025_1_Return_Zero/internal/pkg/album/usecase/usecase.go:186.2,192.16 3 1
github.com/go-park-mail-ru/2025_1_Return_Zero/internal/pkg/album/usecase/usecase.go:192.16,194.3 1 0
github.com/go-park-mail-ru/2025_1_Return_Zero/internal/pkg/album/usecase/usecase.go:196.2,197.48 2 1
github.com/go-park-mail-ru/2025_1_Return_Zero/internal/pkg/album/usecase/usecase.go:197.48,199.3 1 2
github.com/go-park-mail-ru/2025_1_Return_Zero/internal/pkg/album/usecase/usecase.go:201.2,202.16 2 1
github.com/go-park-mail-ru/2025_1_Return_Zero/internal/pkg/album/usecase/usecase.go:202.16,204.3 1 0
github.com/go-park-mail-ru/2025_1_Return_Zero/internal/pkg/album/usecase/usecase.go:206.2,209.48 3 1
github.com/go-park-mail-ru/2025_1_Return_Zero/internal/pkg/album/usecase/usecase.go:209.48,213.3 3 2
github.com/go-park-mail-ru/2025_1_Return_Zero/internal/pkg/album/usecase/usecase.go:214.2,214.20 1 1
github.com/go-park-mail-ru/2025_1_Return_Zero/internal/pkg/artist/delivery/http/handler.go:27.82,29.2 1 5
github.com/go-park-mail-ru/2025_1_Return_Zero/internal/pkg/artist/delivery/http/handler.go:43.79,47.16 4 3
github.com/go-park-mail-ru/2025_1_Return_Zero/internal/pkg/artist/delivery/http/handler.go:47.16,51.3 3 1
github.com/go-park-mail-ru/2025_1_Return_Zero/internal/pkg/artist/delivery/http/handler.go:53.2,57.16 2 2
github.com/go-park-mail-ru/2025_1_Return_Zero/internal/pkg/artist/delivery/http/handler.go:57.16,61.3 3 1
github.com/go-park-mail-ru/2025_1_Return_Zero/internal/pkg/artist/delivery/http/handler.go:63.2,64.59 2 1
github.com/go-park-mail-ru/2025_1_Return_Zero/internal/pkg/artist/delivery/http/handler.go:78.79,85.16 6 3
github.com/go-park-mail-ru/2025_1_Return_Zero/internal/pkg/artist/delivery/http/handler.go:85.16,89.3 3 1
github.com/go-park-mail-ru/2025_1_Return_Zero/internal/pkg/artist/delivery/http/handler.go:91.2,92.16 2 2
github.com/go-park-mail-ru/2025_1_Return_Zero/internal/pkg/artist/delivery/http/handler.go:92.16,96.3 3 1
github.com/go-park-mail-ru/2025_1_Return_Zero/internal/pkg/artist/delivery/http/handler.go:98.2,99.66 2 1
github.com/go-park-mail-ru/2025_1_Return_Zero/internal/pkg/artist/delivery/http/handler.go:116.76,121.13 4 6
github.com/go-park-mail-ru/2025_1_Return_Zero/internal/pkg/artist/delivery/http/handler.go:121.13,126.3 4 1
github.com/go-park-mail-ru/2025_1_Return_Zero/internal/pkg/artist/delivery/http/handler.go:128.2,131.16 4 5
github.com/go-park-mail-ru/2025_1_Return_Zero/internal/pkg/artist/delivery/http/handler.go:131.16,135.3 3 1
github.com/go-park-mail-ru/2025_1_Return_Zero/internal/pkg/artist/delivery/http/handler.go:137.2,140.16 3 4
github.com/go-park-mail-ru/2025_1_Return_Zero/internal/pkg/artist/delivery/http/handler.go:140.16,144.3 3 1
github.com/go-park-mail-ru/2025_1_Return_Zero/internal/pkg/artist/delivery/http/handler.go:146.2,149.16 3 3
github.com/go-park-mail-ru/2025_1_Return_Zero/internal/pkg/artist/delivery/http/handler.go:149.16,153.3 3 1
github.com/go-park-mail-ru/2025_1_Return_Zero/internal/pkg/artist/delivery/http/handler.go:155.2,157.9 1 2
github.com/go-park-mail-ru/2025_1_Return_Zero/internal/pkg/artist/delivery/http/handler.go:174.84,178.20 4 4
github.com/go-park-mail-ru/2025_1_Return_Zero/internal/pkg/artist/delivery/http/handler.go:178.20,183.3 4 1
github.com/go-park-mail-ru/2025_1_Return_Zero/internal/pkg/artist/delivery/http/handler.go:185.2,186.16 2 3
github.com/go-park-mail-ru/2025_1_Return_Zero/internal/pkg/artist/delivery/http/handler.go:186.16,190.3 3 1
github.com/go-park-mail-ru/2025_1_Return_Zero/internal/pkg/artist/delivery/http/handler.go:192.2,196.16 2 2
github.com/go-park-mail-ru/2025_1_Return_Zero/internal/pkg/artist/delivery/http/handler.go:196.16,200.3 3 1
github.com/go-park-mail-ru/2025_1_Return_Zero/internal/pkg/artist/delivery/http/handler.go:202.2,203.59 2 1
github.com/go-park-mail-ru/2025_1_Return_Zero/internal/pkg/artist/delivery/http/handler.go:217.79,222.17 4 3
github.com/go-park-mail-ru/2025_1_Return_Zero/internal/pkg/artist/delivery/http/handler.go:222.17,226.3 3 1
github.com/go-park-mail-ru/2025_1_Return_Zero/internal/pkg/artist/delivery/http/handler.go:228.2,229.16 2 2
github.com/go-park-mail-ru/2025_1_Return_Zero/internal/pkg/artist/delivery/http/handler.go:229.16,233.3 3 1
github.com/go-park-mail-ru/2025_1_Return_Zero/internal/pkg/artist/delivery/http/handler.go:235.2,236.59 2 1
github.com/go-park-mail-ru/2025_1_Return_Zero/internal/pkg/artist/usecase/usecase.go:15.118,20.2 1 5
github.com/go-park-mail-ru/2025_1_Return_Zero/internal/pkg/artist/usecase/usecase.go:27.108,29.13 2 3
github.com/go-park-mail-ru/2025_1_Return_Zero/internal/pkg/artist/usecase/usecase.go:29.13,31.3 1 2
github.com/go-park-mail-ru/2025_1_Return_Zero/internal/pkg/artist/usecase/usecase.go:33.2,37.16 2 3
github.com/go-park-mail-ru/2025_1_Return_Zero/internal/pkg/artist/usecase/usecase.go:37.16,39.3 1 1
github.com/go-park-mail-ru/2025_1_Return_Zero/internal/pkg/artist/usecase/usecase.go:41.2,41.65 1 2
github.com/go-park-mail-ru/2025_1_Return_Zero/internal/pkg/artist/usecase/usecase.go:44.129,46.13 2 3
github.com/go-park-mail-ru/2025_1_Return_Zero/internal/pkg/artist/usecase/usecase.go:46.13,48.3 1 2
github.com/go-park-mail-ru/2025_1_Return_Zero/internal/pkg/artist/usecase/usecase.go:50.2,58.16 3 3
github.com/go-park-mail-ru/2025_1_Return_Zero/internal/pkg/artist/usecase/usecase.go:58.16,60.3 1 1
github.com/go-park-mail-ru/2025_1_Return_Zero/internal/pkg/artist/usecase/usecase.go:62.2,62.67 1 2
github.com/go-park-mail-ru/2025_1_Return_Zero/internal/pkg/artist/usecase/usecase.go:65.104,68.16 3 2
github.com/go-park-mail-ru/2025_1_Return_Zero/internal/pkg/artist/usecase/usecase.go:68.16,70.3 1 1
github.com/go-park-mail-ru/2025_1_Return_Zero/internal/pkg/artist/usecase/usecase.go:71.2,71.12 1 1
github.com/go-park-mail-ru/2025_1_Return_Zero/internal/pkg/artist/usecase/usecase.go:74.151,76.16 2 6
github.com/go-park-mail-ru/2025_1_Return_Zero/internal/pkg/artist/usecase/usecase.go:76.16,78.3 1 1
github.com/go-park-mail-ru/2025_1_Return_Zero/internal/pkg/artist/usecase/usecase.go:80.2,81.16 2 5
github.com/go-park-mail-ru/2025_1_Return_Zero/internal/pkg/artist/usecase/usecase.go:81.16,83.3 1 1
github.com/go-park-mail-ru/2025_1_Return_Zero/internal/pkg/artist/usecase/usecase.go:85.2,86.13 2 4
github.com/go-park-mail-ru/2025_1_Return_Zero/internal/pkg/artist/usecase/usecase.go:86.13,88.3 1 0
github.com/go-park-mail-ru/2025_1_Return_Zero/internal/pkg/artist/usecase/usecase.go:90.2,90.82 1 4
github.com/go-park-mail-ru/2025_1_Return_Zero/internal/pkg/artist/usecase/usecase.go:90.82,92.3 1 1
github.com/go-park-mail-ru/2025_1_Return_Zero/internal/pkg/artist/usecase/usecase.go:94.2,102.16 3 3
github.com/go-park-mail-ru/2025_1_Return_Zero/internal/pkg/artist/usecase/usecase.go:102.16,104.3 1 1
github.com/go-park-mail-ru/2025_1_Return_Zero/internal/pkg/artist/usecase/usecase.go:106.2,106.67 1 2
github.com/go-park-mail-ru/2025_1_Return_Zero/internal/pkg/artist/usecase/usecase.go:109.106,111.13 2 4
github.com/go-park-mail-ru/2025_1_Return_Zero/internal/pkg/artist/usecase/usecase.go:111.13,113.3 1 3
github.com/go-park-mail-ru/2025_1_Return_Zero/internal/pkg/artist/usecase/usecase.go:115.2,121.16 3 4
github.com/go-park-mail-ru/2025_1_Return_Zero/internal/pkg/artist/usecase/usecase.go:121.16,123.3 1 1
github.com/go-park-mail-ru/2025_1_Return_Zero/internal/pkg/artist/usecase/usecase.go:125.2,125.67 1 3
github.com/go-park-mail-ru/2025_1_Return_Zero/internal/pkg/auth/usecase/usecase.go:11.75,13.2 1 0
github.com/go-park-mail-ru/2025_1_Return_Zero/internal/pkg/auth/usecase/usecase.go:19.84,21.16 2 0
github.com/go-park-mail-ru/2025_1_Return_Zero/internal/pkg/auth/usecase/usecase.go:21.16,23.3 1 0
github.com/go-park-mail-ru/2025_1_Return_Zero/internal/pkg/auth/usecase/usecase.go:24.2,24.58 1 0
github.com/go-park-mail-ru/2025_1_Return_Zero/internal/pkg/auth/usecase/usecase.go:27.76,29.16 2 0
github.com/go-park-mail-ru/2025_1_Return_Zero/internal/pkg/auth/usecase/usecase.go:29.16,31.3 1 0
github.com/go-park-mail-ru/2025_1_Return_Zero/internal/pkg/auth/usecase/usecase.go:32.2,32.12 1 0
github.com/go-park-mail-ru/2025_1_Return_Zero/internal/pkg/auth/usecase/usecase.go:35.82,37.16 2 0
github.com/go-park-mail-ru/2025_1_Return_Zero/internal/pkg/auth/usecase/usecase.go:37.16,39.3 1 0
github.com/go-park-mail-ru/2025_1_Return_Zero/internal/pkg/auth/usecase/usecase.go:40.2,40.48 1 0
github.com/go-park-mail-ru/2025_1_Return_Zero/internal/pkg/helpers/ctxExtractor/ctxExtractor.go:13.57,15.9 2 0
github.com/go-park-mail-ru/2025_1_Return_Zero/internal/pkg/helpers/ctxExtractor/ctxExtractor.go:15.9,17.3 1 0
github.com/go-park-mail-ru/2025_1_Return_Zero/internal/pkg/helpers/ctxExtractor/ctxExtractor.go:18.2,18.19 1 0
github.com/go-park-mail-ru/2025_1_Return_Zero/internal/pkg/helpers/ctxExtractor/ctxExtractor.go:21.82,23.2 1 0
github.com/go-park-mail-ru/2025_1_Return_Zero/internal/pkg/helpers/ctxExtractor/ctxExtractor.go:25.58,27.9 2 0
github.com/go-park-mail-ru/2025_1_Return_Zero/internal/pkg/helpers/ctxExtractor/ctxExtractor.go:27.9,29.3 1 0
github.com/go-park-mail-ru/2025_1_Return_Zero/internal/pkg/helpers/ctxExtractor/ctxExtractor.go:30.2,30.20 1 0
github.com/go-park-mail-ru/2025_1_Return_Zero/internal/pkg/helpers/ctxExtractor/ctxExtractor.go:33.49,36.2 2 0
github.com/go-park-mail-ru/2025_1_Return_Zero/internal/pkg/helpers/customErrors/customErrors.go:50.44,51.16 1 0
github.com/go-park-mail-ru/2025_1_Return_Zero/internal/pkg/helpers/customErrors/customErrors.go:51.16,53.3 1 0
github.com/go-park-mail-ru/2025_1_Return_Zero/internal/pkg/helpers/customErrors/customErrors.go:55.2,56.9 2 0
github.com/go-park-mail-ru/2025_1_Return_Zero/internal/pkg/helpers/customErrors/customErrors.go:56.9,58.3 1 0
github.com/go-park-mail-ru/2025_1_Return_Zero/internal/pkg/helpers/customErrors/customErrors.go:60.2,60.19 1 0
github.com/go-park-mail-ru/2025_1_Return_Zero/internal/pkg/helpers/customErrors/customErrors.go:61.22,62.26 1 0
github.com/go-park-mail-ru/2025_1_Return_Zero/internal/pkg/helpers/customErrors/customErrors.go:63.22,64.62 1 0
github.com/go-park-mail-ru/2025_1_Return_Zero/internal/pkg/helpers/customErrors/customErrors.go:65.10,66.13 1 0
github.com/go-park-mail-ru/2025_1_Return_Zero/internal/pkg/helpers/customErrors/customErrors.go:70.45,71.16 1 0
github.com/go-park-mail-ru/2025_1_Return_Zero/internal/pkg/helpers/customErrors/customErrors.go:71.16,73.3 1 0
github.com/go-park-mail-ru/2025_1_Return_Zero/internal/pkg/helpers/customErrors/customErrors.go:75.2,76.9 2 0
github.com/go-park-mail-ru/2025_1_Return_Zero/internal/pkg/helpers/customErrors/customErrors.go:76.9,78.3 1 0
github.com/go-park-mail-ru/2025_1_Return_Zero/internal/pkg/helpers/customErrors/customErrors.go:80.2,80.19 1 0
github.com/go-park-mail-ru/2025_1_Return_Zero/internal/pkg/helpers/customErrors/customErrors.go:81.22,82.27 1 0
github.com/go-park-mail-ru/2025_1_Return_Zero/internal/pkg/helpers/customErrors/customErrors.go:83.22,84.62 1 0
github.com/go-park-mail-ru/2025_1_Return_Zero/internal/pkg/helpers/customErrors/customErrors.go:85.10,86.13 1 0
github.com/go-park-mail-ru/2025_1_Return_Zero/internal/pkg/helpers/customErrors/customErrors.go:90.44,91.16 1 0
github.com/go-park-mail-ru/2025_1_Return_Zero/internal/pkg/helpers/customErrors/customErrors.go:91.16,93.3 1 0
github.com/go-park-mail-ru/2025_1_Return_Zero/internal/pkg/helpers/customErrors/customErrors.go:95.2,96.9 2 0
github.com/go-park-mail-ru/2025_1_Return_Zero/internal/pkg/helpers/customErrors/customErrors.go:96.9,98.3 1 0
github.com/go-park-mail-ru/2025_1_Return_Zero/internal/pkg/helpers/customErrors/customErrors.go:100.2,100.19 1 0
github.com/go-park-mail-ru/2025_1_Return_Zero/internal/pkg/helpers/customErrors/customErrors.go:101.22,102.23 1 0
github.com/go-park-mail-ru/2025_1_Return_Zero/internal/pkg/helpers/customErrors/customErrors.go:103.26,104.27 1 0
github.com/go-park-mail-ru/2025_1_Return_Zero/internal/pkg/helpers/customErrors/customErrors.go:105.27,106.28 1 0
github.com/go-park-mail-ru/2025_1_Return_Zero/internal/pkg/helpers/customErrors/customErrors.go:107.11,108.14 1 0
github.com/go-park-mail-ru/2025_1_Return_Zero/internal/pkg/helpers/customErrors/customErrors.go:110.30,111.35 1 0
github.com/go-park-mail-ru/2025_1_Return_Zero/internal/pkg/helpers/customErrors/customErrors.go:112.22,113.23 1 0
github.com/go-park-mail-ru/2025_1_Return_Zero/internal/pkg/helpers/customErrors/customErrors.go:114.43,115.42 1 0
github.com/go-park-mail-ru/2025_1_Return_Zero/internal/pkg/helpers/customErrors/customErrors.go:116.11,117.63 1 0
github.com/go-park-mail-ru/2025_1_Return_Zero/internal/pkg/helpers/customErrors/customErrors.go:119.10,120.13 1 0
github.com/go-park-mail-ru/2025_1_Return_Zero/internal/pkg/helpers/customErrors/customErrors.go:124.43,125.16 1 0
github.com/go-park-mail-ru/2025_1_Return_Zero/internal/pkg/helpers/customErrors/customErrors.go:125.16,127.3 1 0
github.com/go-park-mail-ru/2025_1_Return_Zero/internal/pkg/helpers/customErrors/customErrors.go:129.2,130.9 2 0
github.com/go-park-mail-ru/2025_1_Return_Zero/internal/pkg/helpers/customErrors/customErrors.go:130.9,132.3 1 0
github.com/go-park-mail-ru/2025_1_Return_Zero/internal/pkg/helpers/customErrors/customErrors.go:134.2,134.19 1 0
github.com/go-park-mail-ru/2025_1_Return_Zero/internal/pkg/helpers/customErrors/customErrors.go:135.22,136.25 1 0
github.com/go-park-mail-ru/2025_1_Return_Zero/internal/pkg/helpers/customErrors/customErrors.go:137.27,138.22 1 0
github.com/go-park-mail-ru/2025_1_Return_Zero/internal/pkg/helpers/customErrors/customErrors.go:139.29,140.26 1 0
github.com/go-park-mail-ru/2025_1_Return_Zero/internal/pkg/helpers/customErrors/customErrors.go:141.29,142.29 1 0
github.com/go-park-mail-ru/2025_1_Return_Zero/internal/pkg/helpers/customErrors/customErrors.go:143.22,144.23 1 0
github.com/go-park-mail-ru/2025_1_Return_Zero/internal/pkg/helpers/customErrors/customErrors.go:145.32,146.24 1 0
github.com/go-park-mail-ru/2025_1_Return_Zero/internal/pkg/helpers/customErrors/customErrors.go:147.11,148.63 1 0
github.com/go-park-mail-ru/2025_1_Return_Zero/internal/pkg/helpers/customErrors/customErrors.go:150.10,151.13 1 0
github.com/go-park-mail-ru/2025_1_Return_Zero/internal/pkg/helpers/customErrors/customErrors.go:155.43,156.16 1 0
github.com/go-park-mail-ru/2025_1_Return_Zero/internal/pkg/helpers/customErrors/customErrors.go:156.16,158.3 1 0
github.com/go-park-mail-ru/2025_1_Return_Zero/internal/pkg/helpers/customErrors/customErrors.go:160.2,161.9 2 0
github.com/go-park-mail-ru/2025_1_Return_Zero/internal/pkg/helpers/customErrors/customErrors.go:161.9,163.3 1 0
github.com/go-park-mail-ru/2025_1_Return_Zero/internal/pkg/helpers/customErrors/customErrors.go:165.2,165.19 1 0
github.com/go-park-mail-ru/2025_1_Return_Zero/internal/pkg/helpers/customErrors/customErrors.go:166.25,167.23 1 0
github.com/go-park-mail-ru/2025_1_Return_Zero/internal/pkg/helpers/customErrors/customErrors.go:168.10,169.13 1 0
github.com/go-park-mail-ru/2025_1_Return_Zero/internal/pkg/helpers/customErrors/customErrors.go:173.47,174.16 1 0
github.com/go-park-mail-ru/2025_1_Return_Zero/internal/pkg/helpers/customErrors/customErrors.go:174.16,176.3 1 0
github.com/go-park-mail-ru/2025_1_Return_Zero/internal/pkg/helpers/customErrors/customErrors.go:178.2,179.9 2 0
github.com/go-park-mail-ru/2025_1_Return_Zero/internal/pkg/helpers/customErrors/customErrors.go:179.9,181.3 1 0
github.com/go-park-mail-ru/2025_1_Return_Zero/internal/pkg/helpers/customErrors/customErrors.go:183.2,183.19 1 0
github.com/go-park-mail-ru/2025_1_Return_Zero/internal/pkg/helpers/customErrors/customErrors.go:184.22,185.23 1 0
github.com/go-park-mail-ru/2025_1_Return_Zero/internal/pkg/helpers/customErrors/customErrors.go:186.29,187.30 1 0
github.com/go-park-mail-ru/2025_1_Return_Zero/internal/pkg/helpers/customErrors/customErrors.go:188.38,189.35 1 0
github.com/go-park-mail-ru/2025_1_Return_Zero/internal/pkg/helpers/customErrors/customErrors.go:190.11,191.14 1 0
github.com/go-park-mail-ru/2025_1_Return_Zero/internal/pkg/helpers/customErrors/customErrors.go:193.30,194.37 1 0
github.com/go-park-mail-ru/2025_1_Return_Zero/internal/pkg/helpers/customErrors/customErrors.go:195.29,196.23 1 0
github.com/go-park-mail-ru/2025_1_Return_Zero/internal/pkg/helpers/customErrors/customErrors.go:197.35,198.32 1 0
github.com/go-park-mail-ru/2025_1_Return_Zero/internal/pkg/helpers/customErrors/customErrors.go:199.66,200.36 1 0
github.com/go-park-mail-ru/2025_1_Return_Zero/internal/pkg/helpers/customErrors/customErrors.go:201.39,202.25 1 0
github.com/go-park-mail-ru/2025_1_Return_Zero/internal/pkg/helpers/customErrors/customErrors.go:203.32,204.32 1 0
github.com/go-park-mail-ru/2025_1_Return_Zero/internal/pkg/helpers/customErrors/customErrors.go:205.33,206.33 1 0
github.com/go-park-mail-ru/2025_1_Return_Zero/internal/pkg/helpers/customErrors/customErrors.go:207.11,208.14 1 0
github.com/go-park-mail-ru/2025_1_Return_Zero/internal/pkg/helpers/customErrors/customErrors.go:210.27,211.23 1 0
github.com/go-park-mail-ru/2025_1_Return_Zero/internal/pkg/helpers/customErrors/customErrors.go:212.57,213.31 1 0
github.com/go-park-mail-ru/2025_1_Return_Zero/internal/pkg/helpers/customErrors/customErrors.go:214.36,215.36 1 0
github.com/go-park-mail-ru/2025_1_Return_Zero/internal/pkg/helpers/customErrors/customErrors.go:216.11,217.14 1 0
github.com/go-park-mail-ru/2025_1_Return_Zero/internal/pkg/helpers/customErrors/customErrors.go:219.22,220.62 1 0
github.com/go-park-mail-ru/2025_1_Return_Zero/internal/pkg/helpers/customErrors/customErrors.go:221.10,222.13 1 0
github.com/go-park-mail-ru/2025_1_Return_Zero/internal/pkg/helpers/customResponseWriter/customResponseWriter.go:14.63,19.2 1 0
github.com/go-park-mail-ru/2025_1_Return_Zero/internal/pkg/helpers/customResponseWriter/customResponseWriter.go:21.49,24.2 2 0
github.com/go-park-mail-ru/2025_1_Return_Zero/internal/pkg/helpers/customResponseWriter/customResponseWriter.go:26.73,27.59 1 0
github.com/go-park-mail-ru/2025_1_Return_Zero/internal/pkg/helpers/customResponseWriter/customResponseWriter.go:27.59,29.3 1 0
github.com/go-park-mail-ru/2025_1_Return_Zero/internal/pkg/helpers/customResponseWriter/customResponseWriter.go:30.2,30.39 1 0
github.com/go-park-mail-ru/2025_1_Return_Zero/internal/pkg/helpers/errorStatus/errorStatus.go:46.33,48.13 2 0
github.com/go-park-mail-ru/2025_1_Return_Zero/internal/pkg/helpers/errorStatus/errorStatus.go:48.13,50.3 1 0
github.com/go-park-mail-ru/2025_1_Return_Zero/internal/pkg/helpers/errorStatus/errorStatus.go:51.2,51.15 1 0
github.com/go-park-mail-ru/2025_1_Return_Zero/internal/pkg/helpers/json/json.go:26.76,31.8 4 0
github.com/go-park-mail-ru/2025_1_Return_Zero/internal/pkg/helpers/json/json.go:31.8,33.17 2 0
github.com/go-park-mail-ru/2025_1_Return_Zero/internal/pkg/helpers/json/json.go:33.17,35.4 1 0
github.com/go-park-mail-ru/2025_1_Return_Zero/internal/pkg/helpers/json/json.go:36.3,36.63 1 0
github.com/go-park-mail-ru/2025_1_Return_Zero/internal/pkg/helpers/json/json.go:36.63,38.4 1 0
github.com/go-park-mail-ru/2025_1_Return_Zero/internal/pkg/helpers/json/json.go:39.3,39.13 1 0
github.com/go-park-mail-ru/2025_1_Return_Zero/internal/pkg/helpers/json/json.go:42.2,43.42 2 0
github.com/go-park-mail-ru/2025_1_Return_Zero/internal/pkg/helpers/json/json.go:43.42,45.3 1 0
github.com/go-park-mail-ru/2025_1_Return_Zero/internal/pkg/helpers/json/json.go:47.2,47.55 1 0
github.com/go-park-mail-ru/2025_1_Return_Zero/internal/pkg/helpers/json/json.go:47.55,49.3 1 0
github.com/go-park-mail-ru/2025_1_Return_Zero/internal/pkg/helpers/json/json.go:51.2,51.12 1 0
github.com/go-park-mail-ru/2025_1_Return_Zero/internal/pkg/helpers/json/json.go:54.90,60.8 5 0
github.com/go-park-mail-ru/2025_1_Return_Zero/internal/pkg/helpers/json/json.go:60.8,62.70 2 0
github.com/go-park-mail-ru/2025_1_Return_Zero/internal/pkg/helpers/json/json.go:62.70,65.4 2 0
github.com/go-park-mail-ru/2025_1_Return_Zero/internal/pkg/helpers/json/json.go:66.3,66.25 1 0
github.com/go-park-mail-ru/2025_1_Return_Zero/internal/pkg/helpers/json/json.go:67.8,69.17 2 0
github.com/go-park-mail-ru/2025_1_Return_Zero/internal/pkg/helpers/json/json.go:69.17,72.4 2 0
github.com/go-park-mail-ru/2025_1_Return_Zero/internal/pkg/helpers/json/json.go:75.2,81.16 5 0
github.com/go-park-mail-ru/2025_1_Return_Zero/internal/pkg/helpers/json/json.go:81.16,83.3 1 0
github.com/go-park-mail-ru/2025_1_Return_Zero/internal/pkg/helpers/json/json.go:86.101,93.2 2 0
github.com/go-park-mail-ru/2025_1_Return_Zero/internal/pkg/helpers/json/json.go:95.97,102.2 2 0
github.com/go-park-mail-ru/2025_1_Return_Zero/internal/pkg/helpers/logger/logger.go:12.49,18.16 5 0
github.com/go-park-mail-ru/2025_1_Return_Zero/internal/pkg/helpers/logger/logger.go:18.16,20.3 1 0
github.com/go-park-mail-ru/2025_1_Return_Zero/internal/pkg/helpers/logger/logger.go:22.2,22.28 1 0
github.com/go-park-mail-ru/2025_1_Return_Zero/internal/pkg/helpers/logger/logger.go:25.64,28.2 2 0
github.com/go-park-mail-ru/2025_1_Return_Zero/internal/pkg/helpers/logger/logger.go:30.86,32.2 1 0
github.com/go-park-mail-ru/2025_1_Return_Zero/internal/pkg/helpers/metrics/metrics.go:39.71,64.2 5 0
github.com/go-park-mail-ru/2025_1_Return_Zero/internal/pkg/helpers/pagination/pagination.go:12.90,13.30 1 0
github.com/go-park-mail-ru/2025_1_Return_Zero/internal/pkg/helpers/pagination/pagination.go:13.30,15.3 1 0
github.com/go-park-mail-ru/2025_1_Return_Zero/internal/pkg/helpers/pagination/pagination.go:17.2,17.18 1 0
github.com/go-park-mail-ru/2025_1_Return_Zero/internal/pkg/helpers/pagination/pagination.go:17.18,20.3 2 0
github.com/go-park-mail-ru/2025_1_Return_Zero/internal/pkg/helpers/pagination/pagination.go:22.2,22.28 1 0
github.com/go-park-mail-ru/2025_1_Return_Zero/internal/pkg/helpers/pagination/pagination.go:22.28,24.3 1 0
github.com/go-park-mail-ru/2025_1_Return_Zero/internal/pkg/helpers/pagination/pagination.go:26.2,26.17 1 0
github.com/go-park-mail-ru/2025_1_Return_Zero/internal/pkg/helpers/pagination/pagination.go:26.17,29.3 2 0
github.com/go-park-mail-ru/2025_1_Return_Zero/internal/pkg/helpers/pagination/pagination.go:31.2,31.12 1 0
github.com/go-park-mail-ru/2025_1_Return_Zero/internal/pkg/helpers/pagination/pagination.go:35.102,39.16 3 0
github.com/go-park-mail-ru/2025_1_Return_Zero/internal/pkg/helpers/pagination/pagination.go:39.16,41.3 1 0
github.com/go-park-mail-ru/2025_1_Return_Zero/internal/pkg/helpers/pagination/pagination.go:43.2,44.16 2 0
github.com/go-park-mail-ru/2025_1_Return_Zero/internal/pkg/helpers/pagination/pagination.go:44.16,46.3 1 0
github.com/go-park-mail-ru/2025_1_Return_Zero/internal/pkg/helpers/pagination/pagination.go:48.2,52.16 4 0
github.com/go-park-mail-ru/2025_1_Return_Zero/internal/pkg/helpers/pagination/pagination.go:52.16,54.3 1 0
github.com/go-park-mail-ru/2025_1_Return_Zero/internal/pkg/helpers/pagination/pagination.go:56.2,56.24 1 0
github.com/go-park-mail-ru/2025_1_Return_Zero/internal/pkg/helpers/query/query.go:8.72,10.15 2 0
github.com/go-park-mail-ru/2025_1_Return_Zero/internal/pkg/helpers/query/query.go:10.15,12.3 1 0
github.com/go-park-mail-ru/2025_1_Return_Zero/internal/pkg/helpers/query/query.go:14.2,15.16 2 0
github.com/go-park-mail-ru/2025_1_Return_Zero/internal/pkg/helpers/query/query.go:15.16,17.3 1 0
github.com/go-park-mail-ru/2025_1_Return_Zero/internal/pkg/helpers/query/query.go:19.2,19.15 1 0
github.com/go-park-mail-ru/2025_1_Return_Zero/internal/pkg/jam/delivery/http/handler.go:29.73,31.2 1 0
github.com/go-park-mail-ru/2025_1_Return_Zero/internal/pkg/jam/delivery/http/handler.go:33.73,37.9 4 0
github.com/go-park-mail-ru/2025_1_Return_Zero/internal/pkg/jam/delivery/http/handler.go:37.9,42.3 4 0
github.com/go-park-mail-ru/2025_1_Return_Zero/internal/pkg/jam/delivery/http/handler.go:44.2,46.16 3 0
github.com/go-park-mail-ru/2025_1_Return_Zero/internal/pkg/jam/delivery/http/handler.go:46.16,51.3 4 0
github.com/go-park-mail-ru/2025_1_Return_Zero/internal/pkg/jam/delivery/http/handler.go:53.2,54.16 2 0
github.com/go-park-mail-ru/2025_1_Return_Zero/internal/pkg/jam/delivery/http/handler.go:54.16,59.3 4 0
github.com/go-park-mail-ru/2025_1_Return_Zero/internal/pkg/jam/delivery/http/handler.go:60.2,60.12 1 0
github.com/go-park-mail-ru/2025_1_Return_Zero/internal/pkg/jam/delivery/http/handler.go:60.12,65.3 4 0
github.com/go-park-mail-ru/2025_1_Return_Zero/internal/pkg/jam/delivery/http/handler.go:67.2,71.16 4 0
github.com/go-park-mail-ru/2025_1_Return_Zero/internal/pkg/jam/delivery/http/handler.go:71.16,76.3 4 0
github.com/go-park-mail-ru/2025_1_Return_Zero/internal/pkg/jam/delivery/http/handler.go:78.2,79.68 2 0
github.com/go-park-mail-ru/2025_1_Return_Zero/internal/pkg/jam/delivery/http/handler.go:82.72,87.9 4 0
github.com/go-park-mail-ru/2025_1_Return_Zero/internal/pkg/jam/delivery/http/handler.go:87.9,91.3 3 0
github.com/go-park-mail-ru/2025_1_Return_Zero/internal/pkg/jam/delivery/http/handler.go:93.2,94.18 2 0
github.com/go-park-mail-ru/2025_1_Return_Zero/internal/pkg/jam/delivery/http/handler.go:94.18,98.3 3 0
github.com/go-park-mail-ru/2025_1_Return_Zero/internal/pkg/jam/delivery/http/handler.go:100.2,100.73 1 0
github.com/go-park-mail-ru/2025_1_Return_Zero/internal/pkg/jam/delivery/http/handler.go:100.73,102.3 1 0
github.com/go-park-mail-ru/2025_1_Return_Zero/internal/pkg/jam/delivery/http/handler.go:104.2,105.16 2 0
github.com/go-park-mail-ru/2025_1_Return_Zero/internal/pkg/jam/delivery/http/handler.go:105.16,108.3 2 0
github.com/go-park-mail-ru/2025_1_Return_Zero/internal/pkg/jam/delivery/http/handler.go:110.2,117.16 4 0
github.com/go-park-mail-ru/2025_1_Return_Zero/internal/pkg/jam/delivery/http/handler.go:117.16,123.17 3 0
github.com/go-park-mail-ru/2025_1_Return_Zero/internal/pkg/jam/delivery/http/handler.go:123.17,125.4 1 0
github.com/go-park-mail-ru/2025_1_Return_Zero/internal/pkg/jam/delivery/http/handler.go:126.3,127.17 2 0
github.com/go-park-mail-ru/2025_1_Return_Zero/internal/pkg/jam/delivery/http/handler.go:127.17,129.4 1 0
github.com/go-park-mail-ru/2025_1_Return_Zero/internal/pkg/jam/delivery/http/handler.go:130.3,130.9 1 0
github.com/go-park-mail-ru/2025_1_Return_Zero/internal/pkg/jam/delivery/http/handler.go:133.2,135.16 3 0
github.com/go-park-mail-ru/2025_1_Return_Zero/internal/pkg/jam/delivery/http/handler.go:135.16,137.3 1 0
github.com/go-park-mail-ru/2025_1_Return_Zero/internal/pkg/jam/delivery/http/handler.go:139.2,140.16 2 0
github.com/go-park-mail-ru/2025_1_Return_Zero/internal/pkg/jam/delivery/http/handler.go:140.16,143.17 3 0
github.com/go-park-mail-ru/2025_1_Return_Zero/internal/pkg/jam/delivery/http/handler.go:143.17,145.4 1 0
github.com/go-park-mail-ru/2025_1_Return_Zero/internal/pkg/jam/delivery/http/handler.go:146.3,146.9 1 0
github.com/go-park-mail-ru/2025_1_Return_Zero/internal/pkg/jam/delivery/http/handler.go:149.2,149.12 1 0
github.com/go-park-mail-ru/2025_1_Return_Zero/internal/pkg/jam/delivery/http/handler.go:149.12,150.7 1 0
github.com/go-park-mail-ru/2025_1_Return_Zero/internal/pkg/jam/delivery/http/handler.go:150.7,151.11 1 0
github.com/go-park-mail-ru/2025_1_Return_Zero/internal/pkg/jam/delivery/http/handler.go:152.22,153.11 1 0
github.com/go-park-mail-ru/2025_1_Return_Zero/internal/pkg/jam/delivery/http/handler.go:154.45,155.12 1 0
github.com/go-park-mail-ru/2025_1_Return_Zero/internal/pkg/jam/delivery/http/handler.go:155.12,157.6 1 0
github.com/go-park-mail-ru/2025_1_Return_Zero/internal/pkg/jam/delivery/http/handler.go:158.5,160.19 3 0
github.com/go-park-mail-ru/2025_1_Return_Zero/internal/pkg/jam/delivery/http/handler.go:160.19,163.6 2 0
github.com/go-park-mail-ru/2025_1_Return_Zero/internal/pkg/jam/delivery/http/handler.go:168.2,168.6 1 0
github.com/go-park-mail-ru/2025_1_Return_Zero/internal/pkg/jam/delivery/http/handler.go:168.6,170.17 2 0
github.com/go-park-mail-ru/2025_1_Return_Zero/internal/pkg/jam/delivery/http/handler.go:170.17,172.18 2 0
github.com/go-park-mail-ru/2025_1_Return_Zero/internal/pkg/jam/delivery/http/handler.go:172.18,174.5 1 0
github.com/go-park-mail-ru/2025_1_Return_Zero/internal/pkg/jam/delivery/http/handler.go:175.4,175.10 1 0
github.com/go-park-mail-ru/2025_1_Return_Zero/internal/pkg/jam/delivery/http/handler.go:177.3,179.17 3 0
github.com/go-park-mail-ru/2025_1_Return_Zero/internal/pkg/jam/delivery/http/handler.go:179.17,182.4 2 0
github.com/go-park-mail-ru/2025_1_Return_Zero/internal/pkg/jam/delivery/http/handler.go:184.3,187.17 3 0
github.com/go-park-mail-ru/2025_1_Return_Zero/internal/pkg/jam/delivery/http/handler.go:187.17,190.4 2 0
github.com/go-park-mail-ru/2025_1_Return_Zero/internal/pkg/jam/repository/redis.go:19.60,21.35 2 0
github.com/go-park-mail-ru/2025_1_Return_Zero/internal/pkg/jam/repository/redis.go:21.35,23.3 1 0
github.com/go-park-mail-ru/2025_1_Return_Zero/internal/pkg/jam/repository/redis.go:24.2,24.18 1 0
github.com/go-park-mail-ru/2025_1_Return_Zero/internal/pkg/jam/repository/redis.go:27.66,29.2 1 0
github.com/go-park-mail-ru/2025_1_Return_Zero/internal/pkg/jam/repository/redis.go:31.138,35.16 4 0
github.com/go-park-mail-ru/2025_1_Return_Zero/internal/pkg/jam/repository/redis.go:35.16,37.3 1 0
github.com/go-park-mail-ru/2025_1_Return_Zero/internal/pkg/jam/repository/redis.go:38.2,38.15 1 0
github.com/go-park-mail-ru/2025_1_Return_Zero/internal/pkg/jam/repository/redis.go:38.15,39.38 1 0
github.com/go-park-mail-ru/2025_1_Return_Zero/internal/pkg/jam/repository/redis.go:39.38,41.4 1 0
github.com/go-park-mail-ru/2025_1_Return_Zero/internal/pkg/jam/repository/redis.go:44.2,45.16 2 0
github.com/go-park-mail-ru/2025_1_Return_Zero/internal/pkg/jam/repository/redis.go:45.16,47.3 1 0
github.com/go-park-mail-ru/2025_1_Return_Zero/internal/pkg/jam/repository/redis.go:48.2,53.16 2 0
github.com/go-park-mail-ru/2025_1_Return_Zero/internal/pkg/jam/repository/redis.go:53.16,55.3 1 0
github.com/go-park-mail-ru/2025_1_Return_Zero/internal/pkg/jam/repository/redis.go:57.2,60.8 1 0
github.com/go-park-mail-ru/2025_1_Return_Zero/internal/pkg/jam/repository/redis.go:63.95,66.16 3 0
github.com/go-park-mail-ru/2025_1_Return_Zero/internal/pkg/jam/repository/redis.go:66.16,68.3 1 0
github.com/go-park-mail-ru/2025_1_Return_Zero/internal/pkg/jam/repository/redis.go:69.2,69.15 1 0
github.com/go-park-mail-ru/2025_1_Return_Zero/internal/pkg/jam/repository/redis.go:69.15,70.38 1 0
github.com/go-park-mail-ru/2025_1_Return_Zero/internal/pkg/jam/repository/redis.go:70.38,72.4 1 0
github.com/go-park-mail-ru/2025_1_Return_Zero/internal/pkg/jam/repository/redis.go:75.2,76.16 2 0
github.com/go-park-mail-ru/2025_1_Return_Zero/internal/pkg/jam/repository/redis.go:76.16,78.3 1 0
github.com/go-park-mail-ru/2025_1_Return_Zero/internal/pkg/jam/repository/redis.go:80.2,88.16 3 0
github.com/go-park-mail-ru/2025_1_Return_Zero/internal/pkg/jam/repository/redis.go:88.16,90.3 1 0
github.com/go-park-mail-ru/2025_1_Return_Zero/internal/pkg/jam/repository/redis.go:92.2,93.16 2 0
github.com/go-park-mail-ru/2025_1_Return_Zero/internal/pkg/jam/repository/redis.go:93.16,95.3 1 0
github.com/go-park-mail-ru/2025_1_Return_Zero/internal/pkg/jam/repository/redis.go:97.2,97.12 1 0
github.com/go-park-mail-ru/2025_1_Return_Zero/internal/pkg/jam/repository/redis.go:100.81,103.16 3 0
github.com/go-park-mail-ru/2025_1_Return_Zero/internal/pkg/jam/repository/redis.go:103.16,105.3 1 0
github.com/go-park-mail-ru/2025_1_Return_Zero/internal/pkg/jam/repository/redis.go:106.2,106.15 1 0
github.com/go-park-mail-ru/2025_1_Return_Zero/internal/pkg/jam/repository/redis.go:106.15,107.38 1 0
github.com/go-park-mail-ru/2025_1_Return_Zero/internal/pkg/jam/repository/redis.go:107.38,109.4 1 0
github.com/go-park-mail-ru/2025_1_Return_Zero/internal/pkg/jam/repository/redis.go:112.2,113.16 2 0
github.com/go-park-mail-ru/2025_1_Return_Zero/internal/pkg/jam/repository/redis.go:113.16,115.3 1 0
github.com/go-park-mail-ru/2025_1_Return_Zero/internal/pkg/jam/repository/redis.go:117.2,120.16 2 0
github.com/go-park-mail-ru/2025_1_Return_Zero/internal/pkg/jam/repository/redis.go:120.16,122.3 1 0
github.com/go-park-mail-ru/2025_1_Return_Zero/internal/pkg/jam/repository/redis.go:124.2,125.16 2 0
github.com/go-park-mail-ru/2025_1_Return_Zero/internal/pkg/jam/repository/redis.go:125.16,127.3 1 0
github.com/go-park-mail-ru/2025_1_Return_Zero/internal/pkg/jam/repository/redis.go:129.2,129.12 1 0
github.com/go-park-mail-ru/2025_1_Return_Zero/internal/pkg/jam/repository/redis.go:132.116,135.16 3 0
github.com/go-park-mail-ru/2025_1_Return_Zero/internal/pkg/jam/repository/redis.go:135.16,137.3 1 0
github.com/go-park-mail-ru/2025_1_Return_Zero/internal/pkg/jam/repository/redis.go:138.2,138.15 1 0
github.com/go-park-mail-ru/2025_1_Return_Zero/internal/pkg/jam/repository/redis.go:138.15,139.38 1 0
github.com/go-park-mail-ru/2025_1_Return_Zero/internal/pkg/jam/repository/redis.go:139.38,141.4 1 0
github.com/go-park-mail-ru/2025_1_Return_Zero/internal/pkg/jam/repository/redis.go:144.2,145.16 2 0
github.com/go-park-mail-ru/2025_1_Return_Zero/internal/pkg/jam/repository/redis.go:145.16,147.3 1 0
github.com/go-park-mail-ru/2025_1_Return_Zero/internal/pkg/jam/repository/redis.go:149.2,150.16 2 0
github.com/go-park-mail-ru/2025_1_Return_Zero/internal/pkg/jam/repository/redis.go:150.16,152.3 1 0
github.com/go-park-mail-ru/2025_1_Return_Zero/internal/pkg/jam/repository/redis.go:154.2,155.16 2 0
github.com/go-park-mail-ru/2025_1_Return_Zero/internal/pkg/jam/repository/redis.go:155.16,157.3 1 0
github.com/go-park-mail-ru/2025_1_Return_Zero/internal/pkg/jam/repository/redis.go:159.2,162.16 3 0
github.com/go-park-mail-ru/2025_1_Return_Zero/internal/pkg/jam/repository/redis.go:162.16,164.3 1 0
github.com/go-park-mail-ru/2025_1_Return_Zero/internal/pkg/jam/repository/redis.go:166.2,167.26 2 0
github.com/go-park-mail-ru/2025_1_Return_Zero/internal/pkg/jam/repository/redis.go:167.26,170.3 2 0
github.com/go-park-mail-ru/2025_1_Return_Zero/internal/pkg/jam/repository/redis.go:172.2,176.18 4 0
github.com/go-park-mail-ru/2025_1_Return_Zero/internal/pkg/jam/repository/redis.go:176.18,178.3 1 0
github.com/go-park-mail-ru/2025_1_Return_Zero/internal/pkg/jam/repository/redis.go:179.2,179.31 1 0
github.com/go-park-mail-ru/2025_1_Return_Zero/internal/pkg/jam/repository/redis.go:179.31,181.3 1 0
github.com/go-park-mail-ru/2025_1_Return_Zero/internal/pkg/jam/repository/redis.go:183.2,183.33 1 0
github.com/go-park-mail-ru/2025_1_Return_Zero/internal/pkg/jam/repository/redis.go:183.33,185.17 2 0
github.com/go-park-mail-ru/2025_1_Return_Zero/internal/pkg/jam/repository/redis.go:185.17,186.22 1 0
github.com/go-park-mail-ru/2025_1_Return_Zero/internal/pkg/jam/repository/redis.go:186.22,188.5 1 0
github.com/go-park-mail-ru/2025_1_Return_Zero/internal/pkg/jam/repository/redis.go:189.4,189.23 1 0
github.com/go-park-mail-ru/2025_1_Return_Zero/internal/pkg/jam/repository/redis.go:189.23,191.5 1 0
github.com/go-park-mail-ru/2025_1_Return_Zero/internal/pkg/jam/repository/redis.go:195.2,205.8 1 0
github.com/go-park-mail-ru/2025_1_Return_Zero/internal/pkg/jam/repository/redis.go:208.92,211.16 3 0
github.com/go-park-mail-ru/2025_1_Return_Zero/internal/pkg/jam/repository/redis.go:211.16,213.3 1 0
github.com/go-park-mail-ru/2025_1_Return_Zero/internal/pkg/jam/repository/redis.go:214.2,214.15 1 0
github.com/go-park-mail-ru/2025_1_Return_Zero/internal/pkg/jam/repository/redis.go:214.15,215.38 1 0
github.com/go-park-mail-ru/2025_1_Return_Zero/internal/pkg/jam/repository/redis.go:215.38,217.4 1 0
github.com/go-park-mail-ru/2025_1_Return_Zero/internal/pkg/jam/repository/redis.go:220.2,221.16 2 0
github.com/go-park-mail-ru/2025_1_Return_Zero/internal/pkg/jam/repository/redis.go:221.16,223.3 1 0
github.com/go-park-mail-ru/2025_1_Return_Zero/internal/pkg/jam/repository/redis.go:224.2,224.20 1 0
github.com/go-park-mail-ru/2025_1_Return_Zero/internal/pkg/jam/repository/redis.go:227.87,230.16 3 0
github.com/go-park-mail-ru/2025_1_Return_Zero/internal/pkg/jam/repository/redis.go:230.16,232.3 1 0
github.com/go-park-mail-ru/2025_1_Return_Zero/internal/pkg/jam/repository/redis.go:233.2,233.15 1 0
github.com/go-park-mail-ru/2025_1_Return_Zero/internal/pkg/jam/repository/redis.go:233.15,234.38 1 0
github.com/go-park-mail-ru/2025_1_Return_Zero/internal/pkg/jam/repository/redis.go:234.38,236.4 1 0
github.com/go-park-mail-ru/2025_1_Return_Zero/internal/pkg/jam/repository/redis.go:239.2,241.21 3 0
github.com/go-park-mail-ru/2025_1_Return_Zero/internal/pkg/jam/repository/redis.go:241.21,245.17 2 0
github.com/go-park-mail-ru/2025_1_Return_Zero/internal/pkg/jam/repository/redis.go:245.17,247.4 1 0
github.com/go-park-mail-ru/2025_1_Return_Zero/internal/pkg/jam/repository/redis.go:248.3,249.17 2 0
github.com/go-park-mail-ru/2025_1_Return_Zero/internal/pkg/jam/repository/redis.go:249.17,251.4 1 0
github.com/go-park-mail-ru/2025_1_Return_Zero/internal/pkg/jam/repository/redis.go:252.3,252.9 1 0
github.com/go-park-mail-ru/2025_1_Return_Zero/internal/pkg/jam/repository/redis.go:256.98,259.16 3 0
github.com/go-park-mail-ru/2025_1_Return_Zero/internal/pkg/jam/repository/redis.go:259.16,261.3 1 0
github.com/go-park-mail-ru/2025_1_Return_Zero/internal/pkg/jam/repository/redis.go:262.2,262.15 1 0
github.com/go-park-mail-ru/2025_1_Return_Zero/internal/pkg/jam/repository/redis.go:262.15,263.38 1 0
github.com/go-park-mail-ru/2025_1_Return_Zero/internal/pkg/jam/repository/redis.go:263.38,265.4 1 0
github.com/go-park-mail-ru/2025_1_Return_Zero/internal/pkg/jam/repository/redis.go:268.2,269.16 2 0
github.com/go-park-mail-ru/2025_1_Return_Zero/internal/pkg/jam/repository/redis.go:269.16,271.3 1 0
github.com/go-park-mail-ru/2025_1_Return_Zero/internal/pkg/jam/repository/redis.go:273.2,274.16 2 0
github.com/go-park-mail-ru/2025_1_Return_Zero/internal/pkg/jam/repository/redis.go:274.16,276.3 1 0
github.com/go-park-mail-ru/2025_1_Return_Zero/internal/pkg/jam/repository/redis.go:278.2,280.16 3 0
github.com/go-park-mail-ru/2025_1_Return_Zero/internal/pkg/jam/repository/redis.go:280.16,282.3 1 0
github.com/go-park-mail-ru/2025_1_Return_Zero/internal/pkg/jam/repository/redis.go:284.2,284.12 1 0
github.com/go-park-mail-ru/2025_1_Return_Zero/internal/pkg/jam/repository/redis.go:284.12,286.3 1 0
github.com/go-park-mail-ru/2025_1_Return_Zero/internal/pkg/jam/repository/redis.go:288.2,289.16 2 0
github.com/go-park-mail-ru/2025_1_Return_Zero/internal/pkg/jam/repository/redis.go:289.16,291.3 1 0
github.com/go-park-mail-ru/2025_1_Return_Zero/internal/pkg/jam/repository/redis.go:293.2,297.16 2 0
github.com/go-park-mail-ru/2025_1_Return_Zero/internal/pkg/jam/repository/redis.go:297.16,299.3 1 0
github.com/go-park-mail-ru/2025_1_Return_Zero/internal/pkg/jam/repository/redis.go:301.2,302.16 2 0
github.com/go-park-mail-ru/2025_1_Return_Zero/internal/pkg/jam/repository/redis.go:302.16,304.3 1 0
github.com/go-park-mail-ru/2025_1_Return_Zero/internal/pkg/jam/repository/redis.go:306.2,306.12 1 0
github.com/go-park-mail-ru/2025_1_Return_Zero/internal/pkg/jam/repository/redis.go:309.103,312.16 3 0
github.com/go-park-mail-ru/2025_1_Return_Zero/internal/pkg/jam/repository/redis.go:312.16,314.3 1 0
github.com/go-park-mail-ru/2025_1_Return_Zero/internal/pkg/jam/repository/redis.go:315.2,315.15 1 0
github.com/go-park-mail-ru/2025_1_Return_Zero/internal/pkg/jam/repository/redis.go:315.15,316.38 1 0
github.com/go-park-mail-ru/2025_1_Return_Zero/internal/pkg/jam/repository/redis.go:316.38,318.4 1 0
github.com/go-park-mail-ru/2025_1_Return_Zero/internal/pkg/jam/repository/redis.go:321.2,322.16 2 0
github.com/go-park-mail-ru/2025_1_Return_Zero/internal/pkg/jam/repository/redis.go:322.16,324.3 1 0
github.com/go-park-mail-ru/2025_1_Return_Zero/internal/pkg/jam/repository/redis.go:326.2,327.16 2 0
github.com/go-park-mail-ru/2025_1_Return_Zero/internal/pkg/jam/repository/redis.go:327.16,329.3 1 0
github.com/go-park-mail-ru/2025_1_Return_Zero/internal/pkg/jam/repository/redis.go:331.2,332.26 2 0
github.com/go-park-mail-ru/2025_1_Return_Zero/internal/pkg/jam/repository/redis.go:332.26,335.3 2 0
github.com/go-park-mail-ru/2025_1_Return_Zero/internal/pkg/jam/repository/redis.go:336.2,340.16 2 0
github.com/go-park-mail-ru/2025_1_Return_Zero/internal/pkg/jam/repository/redis.go:340.16,342.3 1 0
github.com/go-park-mail-ru/2025_1_Return_Zero/internal/pkg/jam/repository/redis.go:344.2,345.16 2 0
github.com/go-park-mail-ru/2025_1_Return_Zero/internal/pkg/jam/repository/redis.go:345.16,347.3 1 0
github.com/go-park-mail-ru/2025_1_Return_Zero/internal/pkg/jam/repository/redis.go:349.2,349.12 1 0
github.com/go-park-mail-ru/2025_1_Return_Zero/internal/pkg/jam/repository/redis.go:352.98,355.16 3 0
github.com/go-park-mail-ru/2025_1_Return_Zero/internal/pkg/jam/repository/redis.go:355.16,357.3 1 0
github.com/go-park-mail-ru/2025_1_Return_Zero/internal/pkg/jam/repository/redis.go:358.2,358.15 1 0
github.com/go-park-mail-ru/2025_1_Return_Zero/internal/pkg/jam/repository/redis.go:358.15,359.38 1 0
github.com/go-park-mail-ru/2025_1_Return_Zero/internal/pkg/jam/repository/redis.go:359.38,361.4 1 0
github.com/go-park-mail-ru/2025_1_Return_Zero/internal/pkg/jam/repository/redis.go:364.2,365.16 2 0
github.com/go-park-mail-ru/2025_1_Return_Zero/internal/pkg/jam/repository/redis.go:365.16,367.3 1 0
github.com/go-park-mail-ru/2025_1_Return_Zero/internal/pkg/jam/repository/redis.go:369.2,370.16 2 0
github.com/go-park-mail-ru/2025_1_Return_Zero/internal/pkg/jam/repository/redis.go:370.16,372.3 1 0
github.com/go-park-mail-ru/2025_1_Return_Zero/internal/pkg/jam/repository/redis.go:374.2,378.16 2 0
github.com/go-park-mail-ru/2025_1_Return_Zero/internal/pkg/jam/repository/redis.go:378.16,380.3 1 0
github.com/go-park-mail-ru/2025_1_Return_Zero/internal/pkg/jam/repository/redis.go:382.2,383.16 2 0
github.com/go-park-mail-ru/2025_1_Return_Zero/internal/pkg/jam/repository/redis.go:383.16,385.3 1 0
github.com/go-park-mail-ru/2025_1_Return_Zero/internal/pkg/jam/repository/redis.go:387.2,387.12 1 0
github.com/go-park-mail-ru/2025_1_Return_Zero/internal/pkg/jam/repository/redis.go:390.82,393.16 3 0
github.com/go-park-mail-ru/2025_1_Return_Zero/internal/pkg/jam/repository/redis.go:393.16,395.3 1 0
github.com/go-park-mail-ru/2025_1_Return_Zero/internal/pkg/jam/repository/redis.go:396.2,396.15 1 0
github.com/go-park-mail-ru/2025_1_Return_Zero/internal/pkg/jam/repository/redis.go:396.15,397.38 1 0
github.com/go-park-mail-ru/2025_1_Return_Zero/internal/pkg/jam/repository/redis.go:397.38,399.4 1 0
github.com/go-park-mail-ru/2025_1_Return_Zero/internal/pkg/jam/repository/redis.go:402.2,406.18 4 0
github.com/go-park-mail-ru/2025_1_Return_Zero/internal/pkg/jam/repository/redis.go:406.18,408.3 1 0
github.com/go-park-mail-ru/2025_1_Return_Zero/internal/pkg/jam/repository/redis.go:409.2,409.31 1 0
github.com/go-park-mail-ru/2025_1_Return_Zero/internal/pkg/jam/repository/redis.go:409.31,411.3 1 0
github.com/go-park-mail-ru/2025_1_Return_Zero/internal/pkg/jam/repository/redis.go:413.2,413.33 1 0
github.com/go-park-mail-ru/2025_1_Return_Zero/internal/pkg/jam/repository/redis.go:413.33,415.17 2 0
github.com/go-park-mail-ru/2025_1_Return_Zero/internal/pkg/jam/repository/redis.go:415.17,417.4 1 0
github.com/go-park-mail-ru/2025_1_Return_Zero/internal/pkg/jam/repository/redis.go:420.2,421.16 2 0
github.com/go-park-mail-ru/2025_1_Return_Zero/internal/pkg/jam/repository/redis.go:421.16,423.3 1 0
github.com/go-park-mail-ru/2025_1_Return_Zero/internal/pkg/jam/repository/redis.go:425.2,426.16 2 0
github.com/go-park-mail-ru/2025_1_Return_Zero/internal/pkg/jam/repository/redis.go:426.16,428.3 1 0
github.com/go-park-mail-ru/2025_1_Return_Zero/internal/pkg/jam/repository/redis.go:430.2,431.16 2 0
github.com/go-park-mail-ru/2025_1_Return_Zero/internal/pkg/jam/repository/redis.go:431.16,433.3 1 0
github.com/go-park-mail-ru/2025_1_Return_Zero/internal/pkg/jam/repository/redis.go:435.2,436.16 2 0
github.com/go-park-mail-ru/2025_1_Return_Zero/internal/pkg/jam/repository/redis.go:436.16,438.3 1 0
github.com/go-park-mail-ru/2025_1_Return_Zero/internal/pkg/jam/repository/redis.go:440.2,443.16 2 0
github.com/go-park-mail-ru/2025_1_Return_Zero/internal/pkg/jam/repository/redis.go:443.16,445.3 1 0
github.com/go-park-mail-ru/2025_1_Return_Zero/internal/pkg/jam/repository/redis.go:447.2,448.16 2 0
github.com/go-park-mail-ru/2025_1_Return_Zero/internal/pkg/jam/repository/redis.go:448.16,450.3 1 0
github.com/go-park-mail-ru/2025_1_Return_Zero/internal/pkg/jam/repository/redis.go:452.2,453.16 2 0
github.com/go-park-mail-ru/2025_1_Return_Zero/internal/pkg/jam/repository/redis.go:453.16,455.3 1 0
github.com/go-park-mail-ru/2025_1_Return_Zero/internal/pkg/jam/repository/redis.go:457.2,457.12 1 0
github.com/go-park-mail-ru/2025_1_Return_Zero/internal/pkg/jam/repository/redis.go:460.91,463.16 3 0
github.com/go-park-mail-ru/2025_1_Return_Zero/internal/pkg/jam/repository/redis.go:463.16,465.3 1 0
github.com/go-park-mail-ru/2025_1_Return_Zero/internal/pkg/jam/repository/redis.go:466.2,466.15 1 0
github.com/go-park-mail-ru/2025_1_Return_Zero/internal/pkg/jam/repository/redis.go:466.15,467.38 1 0
github.com/go-park-mail-ru/2025_1_Return_Zero/internal/pkg/jam/repository/redis.go:467.38,469.4 1 0
github.com/go-park-mail-ru/2025_1_Return_Zero/internal/pkg/jam/repository/redis.go:472.2,473.16 2 0
github.com/go-park-mail-ru/2025_1_Return_Zero/internal/pkg/jam/repository/redis.go:473.16,475.3 1 0
github.com/go-park-mail-ru/2025_1_Return_Zero/internal/pkg/jam/repository/redis.go:476.2,476.20 1 0
github.com/go-park-mail-ru/2025_1_Return_Zero/internal/pkg/jam/repository/redis.go:479.96,482.16 3 0
github.com/go-park-mail-ru/2025_1_Return_Zero/internal/pkg/jam/repository/redis.go:482.16,484.3 1 0
github.com/go-park-mail-ru/2025_1_Return_Zero/internal/pkg/jam/repository/redis.go:485.2,485.15 1 0
github.com/go-park-mail-ru/2025_1_Return_Zero/internal/pkg/jam/repository/redis.go:485.15,486.38 1 0
github.com/go-park-mail-ru/2025_1_Return_Zero/internal/pkg/jam/repository/redis.go:486.38,488.4 1 0
github.com/go-park-mail-ru/2025_1_Return_Zero/internal/pkg/jam/repository/redis.go:491.2,492.16 2 0
github.com/go-park-mail-ru/2025_1_Return_Zero/internal/pkg/jam/repository/redis.go:492.16,494.3 1 0
github.com/go-park-mail-ru/2025_1_Return_Zero/internal/pkg/jam/repository/redis.go:496.2,500.16 2 0
github.com/go-park-mail-ru/2025_1_Return_Zero/internal/pkg/jam/repository/redis.go:500.16,502.3 1 0
github.com/go-park-mail-ru/2025_1_Return_Zero/internal/pkg/jam/repository/redis.go:504.2,505.16 2 0
github.com/go-park-mail-ru/2025_1_Return_Zero/internal/pkg/jam/repository/redis.go:505.16,507.3 1 0
github.com/go-park-mail-ru/2025_1_Return_Zero/internal/pkg/jam/repository/redis.go:509.2,509.12 1 0
github.com/go-park-mail-ru/2025_1_Return_Zero/internal/pkg/jam/repository/redis.go:512.136,515.16 3 0
github.com/go-park-mail-ru/2025_1_Return_Zero/internal/pkg/jam/repository/redis.go:515.16,517.3 1 0
github.com/go-park-mail-ru/2025_1_Return_Zero/internal/pkg/jam/repository/redis.go:518.2,518.15 1 0
github.com/go-park-mail-ru/2025_1_Return_Zero/internal/pkg/jam/repository/redis.go:518.15,519.38 1 0
github.com/go-park-mail-ru/2025_1_Return_Zero/internal/pkg/jam/repository/redis.go:519.38,521.4 1 0
github.com/go-park-mail-ru/2025_1_Return_Zero/internal/pkg/jam/repository/redis.go:524.2,528.16 2 0
github.com/go-park-mail-ru/2025_1_Return_Zero/internal/pkg/jam/repository/redis.go:528.16,530.3 1 0
github.com/go-park-mail-ru/2025_1_Return_Zero/internal/pkg/jam/repository/redis.go:532.2,532.12 1 0
github.com/go-park-mail-ru/2025_1_Return_Zero/internal/pkg/jam/repository/redis.go:535.117,538.16 3 0
github.com/go-park-mail-ru/2025_1_Return_Zero/internal/pkg/jam/repository/redis.go:538.16,540.3 1 0
github.com/go-park-mail-ru/2025_1_Return_Zero/internal/pkg/jam/repository/redis.go:541.2,541.15 1 0
github.com/go-park-mail-ru/2025_1_Return_Zero/internal/pkg/jam/repository/redis.go:541.15,542.38 1 0
github.com/go-park-mail-ru/2025_1_Return_Zero/internal/pkg/jam/repository/redis.go:542.38,544.4 1 0
github.com/go-park-mail-ru/2025_1_Return_Zero/internal/pkg/jam/repository/redis.go:547.2,548.16 2 0
github.com/go-park-mail-ru/2025_1_Return_Zero/internal/pkg/jam/repository/redis.go:548.16,550.3 1 0
github.com/go-park-mail-ru/2025_1_Return_Zero/internal/pkg/jam/repository/redis.go:552.2,555.33 3 0
github.com/go-park-mail-ru/2025_1_Return_Zero/internal/pkg/jam/repository/redis.go:558.112,561.16 3 0
github.com/go-park-mail-ru/2025_1_Return_Zero/internal/pkg/jam/repository/redis.go:561.16,563.3 1 0
github.com/go-park-mail-ru/2025_1_Return_Zero/internal/pkg/jam/repository/redis.go:565.2,567.16 3 0
github.com/go-park-mail-ru/2025_1_Return_Zero/internal/pkg/jam/repository/redis.go:567.16,569.3 1 0
github.com/go-park-mail-ru/2025_1_Return_Zero/internal/pkg/jam/repository/redis.go:571.2,573.12 2 0
github.com/go-park-mail-ru/2025_1_Return_Zero/internal/pkg/jam/repository/redis.go:573.12,574.16 1 0
github.com/go-park-mail-ru/2025_1_Return_Zero/internal/pkg/jam/repository/redis.go:574.16,575.39 1 0
github.com/go-park-mail-ru/2025_1_Return_Zero/internal/pkg/jam/repository/redis.go:575.39,577.5 1 0
github.com/go-park-mail-ru/2025_1_Return_Zero/internal/pkg/jam/repository/redis.go:579.3,580.16 2 0
github.com/go-park-mail-ru/2025_1_Return_Zero/internal/pkg/jam/repository/redis.go:580.16,581.47 1 0
github.com/go-park-mail-ru/2025_1_Return_Zero/internal/pkg/jam/repository/redis.go:581.47,583.5 1 0
github.com/go-park-mail-ru/2025_1_Return_Zero/internal/pkg/jam/repository/redis.go:586.3,586.7 1 0
github.com/go-park-mail-ru/2025_1_Return_Zero/internal/pkg/jam/repository/redis.go:586.7,587.11 1 0
github.com/go-park-mail-ru/2025_1_Return_Zero/internal/pkg/jam/repository/redis.go:588.22,589.11 1 0
github.com/go-park-mail-ru/2025_1_Return_Zero/internal/pkg/jam/repository/redis.go:590.12,591.41 1 0
github.com/go-park-mail-ru/2025_1_Return_Zero/internal/pkg/jam/repository/redis.go:592.24,593.13 1 0
github.com/go-park-mail-ru/2025_1_Return_Zero/internal/pkg/jam/repository/redis.go:594.33,594.33 0 0
github.com/go-park-mail-ru/2025_1_Return_Zero/internal/pkg/jam/repository/redis.go:595.24,596.13 1 0
github.com/go-park-mail-ru/2025_1_Return_Zero/internal/pkg/jam/repository/redis.go:598.16,599.12 1 0
github.com/go-park-mail-ru/2025_1_Return_Zero/internal/pkg/jam/repository/redis.go:605.2,605.25 1 0
github.com/go-park-mail-ru/2025_1_Return_Zero/internal/pkg/jam/usecase/usecase.go:23.96,28.2 1 0
github.com/go-park-mail-ru/2025_1_Return_Zero/internal/pkg/jam/usecase/usecase.go:30.121,37.16 3 0
github.com/go-park-mail-ru/2025_1_Return_Zero/internal/pkg/jam/usecase/usecase.go:37.16,39.3 1 0
github.com/go-park-mail-ru/2025_1_Return_Zero/internal/pkg/jam/usecase/usecase.go:41.2,42.16 2 0
github.com/go-park-mail-ru/2025_1_Return_Zero/internal/pkg/jam/usecase/usecase.go:42.16,45.3 2 0
github.com/go-park-mail-ru/2025_1_Return_Zero/internal/pkg/jam/usecase/usecase.go:47.2,50.8 1 0
github.com/go-park-mail-ru/2025_1_Return_Zero/internal/pkg/jam/usecase/usecase.go:53.110,56.16 3 0
github.com/go-park-mail-ru/2025_1_Return_Zero/internal/pkg/jam/usecase/usecase.go:56.16,59.3 2 0
github.com/go-park-mail-ru/2025_1_Return_Zero/internal/pkg/jam/usecase/usecase.go:60.2,60.13 1 0
github.com/go-park-mail-ru/2025_1_Return_Zero/internal/pkg/jam/usecase/usecase.go:60.13,62.3 1 0
github.com/go-park-mail-ru/2025_1_Return_Zero/internal/pkg/jam/usecase/usecase.go:63.2,64.16 2 0
github.com/go-park-mail-ru/2025_1_Return_Zero/internal/pkg/jam/usecase/usecase.go:64.16,67.3 2 0
github.com/go-park-mail-ru/2025_1_Return_Zero/internal/pkg/jam/usecase/usecase.go:69.2,69.30 1 0
github.com/go-park-mail-ru/2025_1_Return_Zero/internal/pkg/jam/usecase/usecase.go:69.30,71.17 2 0
github.com/go-park-mail-ru/2025_1_Return_Zero/internal/pkg/jam/usecase/usecase.go:71.17,73.4 1 0
github.com/go-park-mail-ru/2025_1_Return_Zero/internal/pkg/jam/usecase/usecase.go:75.3,76.17 2 0
github.com/go-park-mail-ru/2025_1_Return_Zero/internal/pkg/jam/usecase/usecase.go:76.17,79.4 2 0
github.com/go-park-mail-ru/2025_1_Return_Zero/internal/pkg/jam/usecase/usecase.go:81.3,82.17 2 0
github.com/go-park-mail-ru/2025_1_Return_Zero/internal/pkg/jam/usecase/usecase.go:82.17,85.4 2 0
github.com/go-park-mail-ru/2025_1_Return_Zero/internal/pkg/jam/usecase/usecase.go:88.2,89.16 2 0
github.com/go-park-mail-ru/2025_1_Return_Zero/internal/pkg/jam/usecase/usecase.go:89.16,92.3 2 0
github.com/go-park-mail-ru/2025_1_Return_Zero/internal/pkg/jam/usecase/usecase.go:94.2,96.21 2 0
github.com/go-park-mail-ru/2025_1_Return_Zero/internal/pkg/jam/usecase/usecase.go:99.93,101.16 2 0
github.com/go-park-mail-ru/2025_1_Return_Zero/internal/pkg/jam/usecase/usecase.go:101.16,103.3 1 0
github.com/go-park-mail-ru/2025_1_Return_Zero/internal/pkg/jam/usecase/usecase.go:105.2,106.16 2 0
github.com/go-park-mail-ru/2025_1_Return_Zero/internal/pkg/jam/usecase/usecase.go:106.16,108.3 1 0
github.com/go-park-mail-ru/2025_1_Return_Zero/internal/pkg/jam/usecase/usecase.go:110.2,113.32 3 0
github.com/go-park-mail-ru/2025_1_Return_Zero/internal/pkg/jam/usecase/usecase.go:113.32,115.17 2 0
github.com/go-park-mail-ru/2025_1_Return_Zero/internal/pkg/jam/usecase/usecase.go:115.17,117.4 1 0
github.com/go-park-mail-ru/2025_1_Return_Zero/internal/pkg/jam/usecase/usecase.go:120.2,120.83 1 0
github.com/go-park-mail-ru/2025_1_Return_Zero/internal/pkg/jam/usecase/usecase.go:123.119,124.28 1 0
github.com/go-park-mail-ru/2025_1_Return_Zero/internal/pkg/jam/usecase/usecase.go:124.28,126.3 1 0
github.com/go-park-mail-ru/2025_1_Return_Zero/internal/pkg/jam/usecase/usecase.go:128.2,129.16 2 0
github.com/go-park-mail-ru/2025_1_Return_Zero/internal/pkg/jam/usecase/usecase.go:129.16,131.3 1 0
github.com/go-park-mail-ru/2025_1_Return_Zero/internal/pkg/jam/usecase/usecase.go:133.2,135.16 2 0
github.com/go-park-mail-ru/2025_1_Return_Zero/internal/pkg/jam/usecase/usecase.go:136.19,137.14 1 0
github.com/go-park-mail-ru/2025_1_Return_Zero/internal/pkg/jam/usecase/usecase.go:137.14,139.4 1 0
github.com/go-park-mail-ru/2025_1_Return_Zero/internal/pkg/jam/usecase/usecase.go:140.3,141.17 2 0
github.com/go-park-mail-ru/2025_1_Return_Zero/internal/pkg/jam/usecase/usecase.go:141.17,143.4 1 0
github.com/go-park-mail-ru/2025_1_Return_Zero/internal/pkg/jam/usecase/usecase.go:144.3,145.17 2 0
github.com/go-park-mail-ru/2025_1_Return_Zero/internal/pkg/jam/usecase/usecase.go:145.17,147.4 1 0
github.com/go-park-mail-ru/2025_1_Return_Zero/internal/pkg/jam/usecase/usecase.go:148.3,148.52 1 0
github.com/go-park-mail-ru/2025_1_Return_Zero/internal/pkg/jam/usecase/usecase.go:149.22,150.13 1 0
github.com/go-park-mail-ru/2025_1_Return_Zero/internal/pkg/jam/usecase/usecase.go:150.13,152.4 1 0
github.com/go-park-mail-ru/2025_1_Return_Zero/internal/pkg/jam/usecase/usecase.go:153.3,154.17 2 0
github.com/go-park-mail-ru/2025_1_Return_Zero/internal/pkg/jam/usecase/usecase.go:154.17,156.4 1 0
github.com/go-park-mail-ru/2025_1_Return_Zero/internal/pkg/jam/usecase/usecase.go:157.3,157.52 1 0
github.com/go-park-mail-ru/2025_1_Return_Zero/internal/pkg/jam/usecase/usecase.go:158.19,159.14 1 0
github.com/go-park-mail-ru/2025_1_Return_Zero/internal/pkg/jam/usecase/usecase.go:159.14,161.4 1 0
github.com/go-park-mail-ru/2025_1_Return_Zero/internal/pkg/jam/usecase/usecase.go:162.3,162.52 1 0
github.com/go-park-mail-ru/2025_1_Return_Zero/internal/pkg/jam/usecase/usecase.go:163.20,164.14 1 0
github.com/go-park-mail-ru/2025_1_Return_Zero/internal/pkg/jam/usecase/usecase.go:164.14,166.4 1 0
github.com/go-park-mail-ru/2025_1_Return_Zero/internal/pkg/jam/usecase/usecase.go:167.3,168.17 2 0
github.com/go-park-mail-ru/2025_1_Return_Zero/internal/pkg/jam/usecase/usecase.go:168.17,170.4 1 0
github.com/go-park-mail-ru/2025_1_Return_Zero/internal/pkg/jam/usecase/usecase.go:171.19,172.14 1 0
github.com/go-park-mail-ru/2025_1_Return_Zero/internal/pkg/jam/usecase/usecase.go:172.14,174.4 1 0
github.com/go-park-mail-ru/2025_1_Return_Zero/internal/pkg/jam/usecase/usecase.go:175.3,176.17 2 0
github.com/go-park-mail-ru/2025_1_Return_Zero/internal/pkg/jam/usecase/usecase.go:176.17,178.4 1 0
github.com/go-park-mail-ru/2025_1_Return_Zero/internal/pkg/jam/usecase/usecase.go:180.2,180.12 1 0
github.com/go-park-mail-ru/2025_1_Return_Zero/internal/pkg/jam/usecase/usecase.go:183.85,186.16 3 0
github.com/go-park-mail-ru/2025_1_Return_Zero/internal/pkg/jam/usecase/usecase.go:186.16,189.3 2 0
github.com/go-park-mail-ru/2025_1_Return_Zero/internal/pkg/jam/usecase/usecase.go:191.2,191.22 1 0
github.com/go-park-mail-ru/2025_1_Return_Zero/internal/pkg/jam/usecase/usecase.go:191.22,193.17 2 0
github.com/go-park-mail-ru/2025_1_Return_Zero/internal/pkg/jam/usecase/usecase.go:193.17,196.4 2 0
github.com/go-park-mail-ru/2025_1_Return_Zero/internal/pkg/jam/usecase/usecase.go:197.3,197.13 1 0
github.com/go-park-mail-ru/2025_1_Return_Zero/internal/pkg/jam/usecase/usecase.go:200.2,201.16 2 0
github.com/go-park-mail-ru/2025_1_Return_Zero/internal/pkg/jam/usecase/usecase.go:201.16,204.3 2 0
github.com/go-park-mail-ru/2025_1_Return_Zero/internal/pkg/jam/usecase/usecase.go:206.2,207.12 2 0
github.com/go-park-mail-ru/2025_1_Return_Zero/internal/pkg/jam/usecase/usecase.go:210.114,212.16 2 0
github.com/go-park-mail-ru/2025_1_Return_Zero/internal/pkg/jam/usecase/usecase.go:212.16,214.3 1 0
github.com/go-park-mail-ru/2025_1_Return_Zero/internal/pkg/jam/usecase/usecase.go:216.2,218.12 2 0
github.com/go-park-mail-ru/2025_1_Return_Zero/internal/pkg/jam/usecase/usecase.go:218.12,221.7 2 0
github.com/go-park-mail-ru/2025_1_Return_Zero/internal/pkg/jam/usecase/usecase.go:221.7,222.11 1 0
github.com/go-park-mail-ru/2025_1_Return_Zero/internal/pkg/jam/usecase/usecase.go:223.22,224.11 1 0
github.com/go-park-mail-ru/2025_1_Return_Zero/internal/pkg/jam/usecase/usecase.go:225.46,226.12 1 0
github.com/go-park-mail-ru/2025_1_Return_Zero/internal/pkg/jam/usecase/usecase.go:226.12,228.6 1 0
github.com/go-park-mail-ru/2025_1_Return_Zero/internal/pkg/jam/usecase/usecase.go:230.5,232.19 3 0
github.com/go-park-mail-ru/2025_1_Return_Zero/internal/pkg/jam/usecase/usecase.go:232.19,233.14 1 0
github.com/go-park-mail-ru/2025_1_Return_Zero/internal/pkg/jam/usecase/usecase.go:236.5,238.12 2 0
github.com/go-park-mail-ru/2025_1_Return_Zero/internal/pkg/jam/usecase/usecase.go:239.47,239.47 0 0
github.com/go-park-mail-ru/2025_1_Return_Zero/internal/pkg/jam/usecase/usecase.go:240.23,241.12 1 0
github.com/go-park-mail-ru/2025_1_Return_Zero/internal/pkg/jam/usecase/usecase.go:247.2,247.32 1 0
github.com/go-park-mail-ru/2025_1_Return_Zero/internal/pkg/label/delivery/http/handler.go:30.80,32.2 1 9
github.com/go-park-mail-ru/2025_1_Return_Zero/internal/pkg/label/delivery/http/handler.go:47.76,51.14 4 3
github.com/go-park-mail-ru/2025_1_Return_Zero/internal/pkg/label/delivery/http/handler.go:51.14,55.3 3 1
github.com/go-park-mail-ru/2025_1_Return_Zero/internal/pkg/label/delivery/http/handler.go:57.2,60.16 3 2
github.com/go-park-mail-ru/2025_1_Return_Zero/internal/pkg/label/delivery/http/handler.go:60.16,64.3 3 1
github.com/go-park-mail-ru/2025_1_Return_Zero/internal/pkg/label/delivery/http/handler.go:65.2,67.16 3 1
github.com/go-park-mail-ru/2025_1_Return_Zero/internal/pkg/label/delivery/http/handler.go:67.16,70.3 2 0
github.com/go-park-mail-ru/2025_1_Return_Zero/internal/pkg/label/delivery/http/handler.go:72.2,73.73 2 1
github.com/go-park-mail-ru/2025_1_Return_Zero/internal/pkg/label/delivery/http/handler.go:89.73,93.14 4 3
github.com/go-park-mail-ru/2025_1_Return_Zero/internal/pkg/label/delivery/http/handler.go:93.14,97.3 3 1
github.com/go-park-mail-ru/2025_1_Return_Zero/internal/pkg/label/delivery/http/handler.go:98.2,101.16 4 2
github.com/go-park-mail-ru/2025_1_Return_Zero/internal/pkg/label/delivery/http/handler.go:101.16,105.3 3 1
[...]
github.com/go-park-mail-ru/2025_1_Return_Zero/microservices/user/internal/repository/postgres.go:908.3,909.16 2 0
github.com/go-park-mail-ru/2025_1_Return_Zero/microservices/user/internal/repository/postgres.go:912.2,913.19 2 2
github.com/go-park-mail-ru/2025_1_Return_Zero/microservices/user/internal/repository/postgres.go:913.19,915.3 1 1
github.com/go-park-mail-ru/2025_1_Return_Zero/microservices/user/internal/repository/postgres.go:915.8,917.3 1 1
github.com/go-park-mail-ru/2025_1_Return_Zero/microservices/user/internal/repository/postgres.go:919.2,921.27 3 2
github.com/go-park-mail-ru/2025_1_Return_Zero/microservices/user/internal/repository/postgres.go:924.103,930.16 5 2
github.com/go-park-mail-ru/2025_1_Return_Zero/microservices/user/internal/repository/postgres.go:930.16,934.3 3 0
github.com/go-park-mail-ru/2025_1_Return_Zero/microservices/user/internal/repository/postgres.go:935.2,935.15 1 2
github.com/go-park-mail-ru/2025_1_Return_Zero/microservices/user/internal/repository/postgres.go:935.15,936.38 1 2
github.com/go-park-mail-ru/2025_1_Return_Zero/microservices/user/internal/repository/postgres.go:936.38,938.4 1 0
github.com/go-park-mail-ru/2025_1_Return_Zero/microservices/user/internal/repository/postgres.go:941.2,942.37 2 2
github.com/go-park-mail-ru/2025_1_Return_Zero/microservices/user/internal/repository/postgres.go:942.37,944.3 1 4
github.com/go-park-mail-ru/2025_1_Return_Zero/microservices/user/internal/repository/postgres.go:945.2,946.16 2 2
github.com/go-park-mail-ru/2025_1_Return_Zero/microservices/user/internal/repository/postgres.go:946.16,950.3 3 1
github.com/go-park-mail-ru/2025_1_Return_Zero/microservices/user/internal/repository/postgres.go:952.2,953.16 2 1
github.com/go-park-mail-ru/2025_1_Return_Zero/microservices/user/internal/repository/postgres.go:953.16,957.3 3 0
github.com/go-park-mail-ru/2025_1_Return_Zero/microservices/user/internal/repository/postgres.go:958.2,958.35 1 1
github.com/go-park-mail-ru/2025_1_Return_Zero/microservices/user/internal/repository/postgres.go:958.35,962.3 3 0
github.com/go-park-mail-ru/2025_1_Return_Zero/microservices/user/internal/repository/postgres.go:963.2,965.12 3 1
github.com/go-park-mail-ru/2025_1_Return_Zero/microservices/user/internal/repository/postgres.go:968.113,974.16 5 1
github.com/go-park-mail-ru/2025_1_Return_Zero/microservices/user/internal/repository/postgres.go:974.16,978.3 3 0
github.com/go-park-mail-ru/2025_1_Return_Zero/microservices/user/internal/repository/postgres.go:979.2,979.15 1 1
github.com/go-park-mail-ru/2025_1_Return_Zero/microservices/user/internal/repository/postgres.go:979.15,980.38 1 1
github.com/go-park-mail-ru/2025_1_Return_Zero/microservices/user/internal/repository/postgres.go:980.38,982.4 1 0
github.com/go-park-mail-ru/2025_1_Return_Zero/microservices/user/internal/repository/postgres.go:985.2,986.37 2 1
github.com/go-park-mail-ru/2025_1_Return_Zero/microservices/user/internal/repository/postgres.go:986.37,988.3 1 2
github.com/go-park-mail-ru/2025_1_Return_Zero/microservices/user/internal/repository/postgres.go:990.2,991.16 2 1
github.com/go-park-mail-ru/2025_1_Return_Zero/microservices/user/internal/repository/postgres.go:991.16,995.3 3 0
github.com/go-park-mail-ru/2025_1_Return_Zero/microservices/user/internal/repository/postgres.go:997.2,998.16 2 1
github.com/go-park-mail-ru/2025_1_Return_Zero/microservices/user/internal/repository/postgres.go:998.16,1002.3 3 0
github.com/go-park-mail-ru/2025_1_Return_Zero/microservices/user/internal/repository/postgres.go:1004.2,1004.42 1 1
github.com/go-park-mail-ru/2025_1_Return_Zero/microservices/user/internal/repository/postgres.go:1004.42,1008.3 3 0
github.com/go-park-mail-ru/2025_1_Return_Zero/microservices/user/internal/repository/postgres.go:1010.2,1012.12 3 1
github.com/go-park-mail-ru/2025_1_Return_Zero/microservices/user/internal/repository/postgres.go:1015.103,1020.16 4 1
github.com/go-park-mail-ru/2025_1_Return_Zero/microservices/user/internal/repository/postgres.go:1020.16,1024.3 3 0
github.com/go-park-mail-ru/2025_1_Return_Zero/microservices/user/internal/repository/postgres.go:1025.2,1025.15 1 1
github.com/go-park-mail-ru/2025_1_Return_Zero/microservices/user/internal/repository/postgres.go:1025.15,1026.38 1 1
github.com/go-park-mail-ru/2025_1_Return_Zero/microservices/user/internal/repository/postgres.go:1026.38,1028.4 1 0
github.com/go-park-mail-ru/2025_1_Return_Zero/microservices/user/internal/repository/postgres.go:1031.2,1033.40 3 1
github.com/go-park-mail-ru/2025_1_Return_Zero/microservices/user/internal/repository/postgres.go:1033.40,1035.3 1 0
github.com/go-park-mail-ru/2025_1_Return_Zero/microservices/user/internal/repository/postgres.go:1036.2,1036.20 1 1
github.com/go-park-mail-ru/2025_1_Return_Zero/microservices/user/internal/repository/postgres.go:1039.104,1045.16 5 1
github.com/go-park-mail-ru/2025_1_Return_Zero/microservices/user/internal/repository/postgres.go:1045.16,1049.3 3 0
github.com/go-park-mail-ru/2025_1_Return_Zero/microservices/user/internal/repository/postgres.go:1050.2,1050.15 1 1
github.com/go-park-mail-ru/2025_1_Return_Zero/microservices/user/internal/repository/postgres.go:1050.15,1051.38 1 1
github.com/go-park-mail-ru/2025_1_Return_Zero/microservices/user/internal/repository/postgres.go:1051.38,1053.4 1 0
github.com/go-park-mail-ru/2025_1_Return_Zero/microservices/user/internal/repository/postgres.go:1056.2,1057.16 2 1
github.com/go-park-mail-ru/2025_1_Return_Zero/microservices/user/internal/repository/postgres.go:1057.16,1061.3 3 0
github.com/go-park-mail-ru/2025_1_Return_Zero/microservices/user/internal/repository/postgres.go:1063.2,1065.12 3 1
github.com/go-park-mail-ru/2025_1_Return_Zero/microservices/user/internal/repository/postgres.go:1068.99,1074.16 5 1
github.com/go-park-mail-ru/2025_1_Return_Zero/microservices/user/internal/repository/postgres.go:1074.16,1078.3 3 0
github.com/go-park-mail-ru/2025_1_Return_Zero/microservices/user/internal/repository/postgres.go:1079.2,1079.15 1 1
github.com/go-park-mail-ru/2025_1_Return_Zero/microservices/user/internal/repository/postgres.go:1079.15,1080.38 1 1
github.com/go-park-mail-ru/2025_1_Return_Zero/microservices/user/internal/repository/postgres.go:1080.38,1082.4 1 0
github.com/go-park-mail-ru/2025_1_Return_Zero/microservices/user/internal/repository/postgres.go:1085.2,1088.16 4 1
github.com/go-park-mail-ru/2025_1_Return_Zero/microservices/user/internal/repository/postgres.go:1088.16,1090.36 2 0
github.com/go-park-mail-ru/2025_1_Return_Zero/microservices/user/internal/repository/postgres.go:1090.36,1093.4 2 0
github.com/go-park-mail-ru/2025_1_Return_Zero/microservices/user/internal/repository/postgres.go:1094.3,1095.17 2 0
github.com/go-park-mail-ru/2025_1_Return_Zero/microservices/user/internal/repository/postgres.go:1098.2,1100.23 3 1
github.com/go-park-mail-ru/2025_1_Return_Zero/microservices/user/internal/repository/postgres.go:1103.106,1109.16 5 1
github.com/go-park-mail-ru/2025_1_Return_Zero/microservices/user/internal/repository/postgres.go:1109.16,1113.3 3 0
github.com/go-park-mail-ru/2025_1_Return_Zero/microservices/user/internal/repository/postgres.go:1114.2,1114.15 1 1
github.com/go-park-mail-ru/2025_1_Return_Zero/microservices/user/internal/repository/postgres.go:1114.15,1115.38 1 1
github.com/go-park-mail-ru/2025_1_Return_Zero/microservices/user/internal/repository/postgres.go:1115.38,1117.4 1 0
github.com/go-park-mail-ru/2025_1_Return_Zero/microservices/user/internal/repository/postgres.go:1120.2,1121.16 2 1
github.com/go-park-mail-ru/2025_1_Return_Zero/microservices/user/internal/repository/postgres.go:1121.16,1125.3 3 0
github.com/go-park-mail-ru/2025_1_Return_Zero/microservices/user/internal/repository/postgres.go:1126.2,1126.15 1 1
github.com/go-park-mail-ru/2025_1_Return_Zero/microservices/user/internal/repository/postgres.go:1126.15,1127.38 1 1
github.com/go-park-mail-ru/2025_1_Return_Zero/microservices/user/internal/repository/postgres.go:1127.38,1129.4 1 0
github.com/go-park-mail-ru/2025_1_Return_Zero/microservices/user/internal/repository/postgres.go:1132.2,1133.18 2 1
github.com/go-park-mail-ru/2025_1_Return_Zero/microservices/user/internal/repository/postgres.go:1133.18,1136.17 3 2
github.com/go-park-mail-ru/2025_1_Return_Zero/microservices/user/internal/repository/postgres.go:1136.17,1140.4 3 0
github.com/go-park-mail-ru/2025_1_Return_Zero/microservices/user/internal/repository/postgres.go:1141.3,1141.34 1 2
github.com/go-park-mail-ru/2025_1_Return_Zero/microservices/user/internal/repository/postgres.go:1144.2,1146.19 3 1
github.com/go-park-mail-ru/2025_1_Return_Zero/microservices/user/internal/repository/postgres.go:1149.117,1155.16 5 1
github.com/go-park-mail-ru/2025_1_Return_Zero/microservices/user/internal/repository/postgres.go:1155.16,1159.3 3 0
github.com/go-park-mail-ru/2025_1_Return_Zero/microservices/user/internal/repository/postgres.go:1160.2,1160.15 1 1
github.com/go-park-mail-ru/2025_1_Return_Zero/microservices/user/internal/repository/postgres.go:1160.15,1161.38 1 1
github.com/go-park-mail-ru/2025_1_Return_Zero/microservices/user/internal/repository/postgres.go:1161.38,1163.4 1 0
github.com/go-park-mail-ru/2025_1_Return_Zero/microservices/user/internal/repository/postgres.go:1166.2,1167.37 2 1
github.com/go-park-mail-ru/2025_1_Return_Zero/microservices/user/internal/repository/postgres.go:1167.37,1169.3 1 2
github.com/go-park-mail-ru/2025_1_Return_Zero/microservices/user/internal/repository/postgres.go:1171.2,1172.16 2 1
github.com/go-park-mail-ru/2025_1_Return_Zero/microservices/user/internal/repository/postgres.go:1172.16,1176.3 3 0
github.com/go-park-mail-ru/2025_1_Return_Zero/microservices/user/internal/repository/postgres.go:1178.2,1179.16 2 1
github.com/go-park-mail-ru/2025_1_Return_Zero/microservices/user/internal/repository/postgres.go:1179.16,1183.3 3 0
github.com/go-park-mail-ru/2025_1_Return_Zero/microservices/user/internal/repository/postgres.go:1185.2,1185.43 1 1
github.com/go-park-mail-ru/2025_1_Return_Zero/microservices/user/internal/repository/postgres.go:1185.43,1189.3 3 0
github.com/go-park-mail-ru/2025_1_Return_Zero/microservices/user/internal/repository/postgres.go:1191.2,1193.12 3 1
github.com/go-park-mail-ru/2025_1_Return_Zero/microservices/user/internal/repository/s3.go:32.98,40.2 2 0
github.com/go-park-mail-ru/2025_1_Return_Zero/microservices/user/internal/repository/s3.go:42.94,45.19 3 0
github.com/go-park-mail-ru/2025_1_Return_Zero/microservices/user/internal/repository/s3.go:45.19,49.3 3 0
github.com/go-park-mail-ru/2025_1_Return_Zero/microservices/user/internal/repository/s3.go:50.2,56.8 3 0
github.com/go-park-mail-ru/2025_1_Return_Zero/microservices/user/internal/repository/s3.go:59.112,67.16 7 0
github.com/go-park-mail-ru/2025_1_Return_Zero/microservices/user/internal/repository/s3.go:67.16,71.3 3 0
github.com/go-park-mail-ru/2025_1_Return_Zero/microservices/user/internal/repository/s3.go:73.2,73.60 1 0
github.com/go-park-mail-ru/2025_1_Return_Zero/microservices/user/internal/repository/s3.go:73.60,77.3 3 0
github.com/go-park-mail-ru/2025_1_Return_Zero/microservices/user/internal/repository/s3.go:85.2,96.16 4 0
github.com/go-park-mail-ru/2025_1_Return_Zero/microservices/user/internal/repository/s3.go:96.16,100.3 3 0
github.com/go-park-mail-ru/2025_1_Return_Zero/microservices/user/internal/repository/s3.go:101.2,104.21 3 0
github.com/go-park-mail-ru/2025_1_Return_Zero/microservices/user/internal/usecase/usecase.go:11.104,16.2 1 11
github.com/go-park-mail-ru/2025_1_Return_Zero/microservices/user/internal/usecase/usecase.go:23.129,26.16 3 2
github.com/go-park-mail-ru/2025_1_Return_Zero/microservices/user/internal/usecase/usecase.go:26.16,28.3 1 1
github.com/go-park-mail-ru/2025_1_Return_Zero/microservices/user/internal/usecase/usecase.go:29.2,29.61 1 1
github.com/go-park-mail-ru/2025_1_Return_Zero/microservices/user/internal/usecase/usecase.go:32.122,35.16 3 2
github.com/go-park-mail-ru/2025_1_Return_Zero/microservices/user/internal/usecase/usecase.go:35.16,37.3 1 1
github.com/go-park-mail-ru/2025_1_Return_Zero/microservices/user/internal/usecase/usecase.go:38.2,38.61 1 1
github.com/go-park-mail-ru/2025_1_Return_Zero/microservices/user/internal/usecase/usecase.go:41.91,43.2 1 1
github.com/go-park-mail-ru/2025_1_Return_Zero/microservices/user/internal/usecase/usecase.go:45.98,48.2 2 1
github.com/go-park-mail-ru/2025_1_Return_Zero/microservices/user/internal/usecase/usecase.go:50.123,53.2 2 1
github.com/go-park-mail-ru/2025_1_Return_Zero/microservices/user/internal/usecase/usecase.go:55.140,58.2 2 0
github.com/go-park-mail-ru/2025_1_Return_Zero/microservices/user/internal/usecase/usecase.go:60.113,62.16 2 1
github.com/go-park-mail-ru/2025_1_Return_Zero/microservices/user/internal/usecase/usecase.go:62.16,64.3 1 0
github.com/go-park-mail-ru/2025_1_Return_Zero/microservices/user/internal/usecase/usecase.go:65.2,65.69 1 1
github.com/go-park-mail-ru/2025_1_Return_Zero/microservices/user/internal/usecase/usecase.go:68.99,70.16 2 1
github.com/go-park-mail-ru/2025_1_Return_Zero/microservices/user/internal/usecase/usecase.go:70.16,72.3 1 0
github.com/go-park-mail-ru/2025_1_Return_Zero/microservices/user/internal/usecase/usecase.go:73.2,73.61 1 1
github.com/go-park-mail-ru/2025_1_Return_Zero/microservices/user/internal/usecase/usecase.go:76.92,78.16 2 1
github.com/go-park-mail-ru/2025_1_Return_Zero/microservices/user/internal/usecase/usecase.go:78.16,80.3 1 0
github.com/go-park-mail-ru/2025_1_Return_Zero/microservices/user/internal/usecase/usecase.go:81.2,81.16 1 1
github.com/go-park-mail-ru/2025_1_Return_Zero/microservices/user/internal/usecase/usecase.go:84.116,86.16 2 1
github.com/go-park-mail-ru/2025_1_Return_Zero/microservices/user/internal/usecase/usecase.go:86.16,88.3 1 0
github.com/go-park-mail-ru/2025_1_Return_Zero/microservices/user/internal/usecase/usecase.go:89.2,89.75 1 1
github.com/go-park-mail-ru/2025_1_Return_Zero/microservices/user/internal/usecase/usecase.go:92.89,94.16 2 0
github.com/go-park-mail-ru/2025_1_Return_Zero/microservices/user/internal/usecase/usecase.go:94.16,96.3 1 0
github.com/go-park-mail-ru/2025_1_Return_Zero/microservices/user/internal/usecase/usecase.go:97.2,97.23 1 0
github.com/go-park-mail-ru/2025_1_Return_Zero/microservices/user/internal/usecase/usecase.go:100.107,102.16 2 0
github.com/go-park-mail-ru/2025_1_Return_Zero/microservices/user/internal/usecase/usecase.go:102.16,104.3 1 0
github.com/go-park-mail-ru/2025_1_Return_Zero/microservices/user/internal/usecase/usecase.go:105.2,105.23 1 0
github.com/go-park-mail-ru/2025_1_Return_Zero/microservices/user/internal/usecase/usecase.go:108.92,110.16 2 0
github.com/go-park-mail-ru/2025_1_Return_Zero/microservices/user/internal/usecase/usecase.go:110.16,112.3 1 0
github.com/go-park-mail-ru/2025_1_Return_Zero/microservices/user/internal/usecase/usecase.go:113.2,113.21 1 0
github.com/go-park-mail-ru/2025_1_Return_Zero/microservices/user/internal/usecase/usecase.go:116.92,118.16 2 0
github.com/go-park-mail-ru/2025_1_Return_Zero/microservices/user/internal/usecase/usecase.go:118.16,120.3 1 0
github.com/go-park-mail-ru/2025_1_Return_Zero/microservices/user/internal/usecase/usecase.go:121.2,121.12 1 0
github.com/go-park-mail-ru/2025_1_Return_Zero/microservices/user/internal/usecase/usecase.go:124.104,126.16 2 0
github.com/go-park-mail-ru/2025_1_Return_Zero/microservices/user/internal/usecase/usecase.go:126.16,128.3 1 0
github.com/go-park-mail-ru/2025_1_Return_Zero/microservices/user/internal/usecase/usecase.go:129.2,129.12 1 0
github.com/go-park-mail-ru/2025_1_Return_Zero/microservices/user/internal/usecase/usecase.go:132.95,134.16 2 0
github.com/go-park-mail-ru/2025_1_Return_Zero/microservices/user/internal/usecase/usecase.go:134.16,136.3 1 0
github.com/go-park-mail-ru/2025_1_Return_Zero/microservices/user/internal/usecase/usecase.go:137.2,137.19 1 0
github.com/go-park-mail-ru/2025_1_Return_Zero/microservices/user/internal/usecase/usecase.go:140.106,142.16 2 0
github.com/go-park-mail-ru/2025_1_Return_Zero/microservices/user/internal/usecase/usecase.go:142.16,144.3 1 0
github.com/go-park-mail-ru/2025_1_Return_Zero/microservices/user/internal/usecase/usecase.go:145.2,145.12 1 0
github.com/go-park-mail-ru/2025_1_Return_Zero/microservices/user/model/converters.go:9.99,15.2 1 1
github.com/go-park-mail-ru/2025_1_Return_Zero/microservices/user/model/converters.go:17.80,25.2 1 1
github.com/go-park-mail-ru/2025_1_Return_Zero/microservices/user/model/converters.go:27.90,33.2 1 1
github.com/go-park-mail-ru/2025_1_Return_Zero/microservices/user/model/converters.go:35.93,41.2 1 1
github.com/go-park-mail-ru/2025_1_Return_Zero/microservices/user/model/converters.go:43.105,50.2 1 1
github.com/go-park-mail-ru/2025_1_Return_Zero/microservices/user/model/converters.go:52.108,61.2 1 1
github.com/go-park-mail-ru/2025_1_Return_Zero/microservices/user/model/converters.go:63.100,72.2 1 3
github.com/go-park-mail-ru/2025_1_Return_Zero/microservices/user/model/converters.go:74.99,82.2 2 1
github.com/go-park-mail-ru/2025_1_Return_Zero/microservices/user/model/converters.go:84.95,90.2 1 1
github.com/go-park-mail-ru/2025_1_Return_Zero/microservices/user/model/converters.go:92.86,100.2 1 1
github.com/go-park-mail-ru/2025_1_Return_Zero/microservices/user/model/converters.go:102.86,108.2 1 1
github.com/go-park-mail-ru/2025_1_Return_Zero/microservices/user/model/converters.go:110.89,116.2 1 1
github.com/go-park-mail-ru/2025_1_Return_Zero/microservices/user/model/converters.go:118.108,125.2 1 1
github.com/go-park-mail-ru/2025_1_Return_Zero/microservices/user/model/converters.go:127.104,136.2 1 1
github.com/go-park-mail-ru/2025_1_Return_Zero/microservices/user/model/converters.go:138.104,147.2 1 2
github.com/go-park-mail-ru/2025_1_Return_Zero/microservices/user/model/converters.go:149.95,157.2 2 1
github.com/go-park-mail-ru/2025_1_Return_Zero/microservices/user/model/converters.go:159.60,163.2 1 1
github.com/go-park-mail-ru/2025_1_Return_Zero/microservices/user/model/converters.go:165.68,169.2 1 1
github.com/go-park-mail-ru/2025_1_Return_Zero/microservices/user/model/converters.go:171.68,176.2 1 1
github.com/go-park-mail-ru/2025_1_Return_Zero/microservices/user/model/converters.go:178.62,182.2 1 0
github.com/go-park-mail-ru/2025_1_Return_Zero/microservices/user/model/converters.go:184.75,190.2 1 0
github.com/go-park-mail-ru/2025_1_Return_Zero/microservices/user/model/converters.go:192.87,199.2 1 0
github.com/go-park-mail-ru/2025_1_Return_Zero/microservices/user/model/converters.go:201.93,203.29 2 0
github.com/go-park-mail-ru/2025_1_Return_Zero/microservices/user/model/converters.go:203.29,205.3 1 0
github.com/go-park-mail-ru/2025_1_Return_Zero/microservices/user/model/converters.go:206.2,206.19 1 0
github.com/go-park-mail-ru/2025_1_Return_Zero/microservices/user/model/converters.go:209.88,216.2 1 0
github.com/go-park-mail-ru/2025_1_Return_Zero/microservices/user/model/errors/errors.go:15.36,17.2 1 0
github.com/go-park-mail-ru/2025_1_Return_Zero/microservices/user/model/errors/errors.go:19.49,21.2 1 0
github.com/go-park-mail-ru/2025_1_Return_Zero/microservices/user/model/errors/errors.go:23.65,28.2 1 0
github.com/go-park-mail-ru/2025_1_Return_Zero/microservices/user/model/errors/errors.go:30.66,35.2 1 0
github.com/go-park-mail-ru/2025_1_Return_Zero/microservices/user/model/errors/errors.go:37.67,42.2 1 0
github.com/go-park-mail-ru/2025_1_Return_Zero/microservices/user/model/errors/errors.go:44.70,49.2 1 0
github.com/go-park-mail-ru/2025_1_Return_Zero/microservices/user/model/errors/errors.go:51.73,56.2 1 0
github.com/go-park-mail-ru/2025_1_Return_Zero/microservices/user/model/errors/errors.go:58.67,63.2 1 0
github.com/go-park-mail-ru/2025_1_Return_Zero/microservices/user/model/errors/errors.go:65.79,70.2 1 0
github.com/go-park-mail-ru/2025_1_Return_Zero/microservices/user/model/errors/errors.go:72.77,77.2 1 0
github.com/go-park-mail-ru/2025_1_Return_Zero/microservices/user/model/errors/errors.go:79.67,84.2 1 0
